[2019-03-03 00:11:44] E_WARNING (code 2) | call_user_func() expects parameter 1 to be a valid callback, class 'Modules\Auth\Controllers\AuthController' does not have a method 'ins' IN FILE G:\server\OSPanel\domains\slt.local\slt\kernel\Router.php IN LINE 189
-------------------------------------------------
[2019-03-03 00:11:44] E_WARNING (code 2) | call_user_func_array() expects parameter 1 to be a valid callback, first array member is not a valid class name or object IN FILE G:\server\OSPanel\domains\slt.local\slt\kernel\Router.php IN LINE 210
==================================================================================================
[2019-03-03 02:26:50] E_WARNING (code 2) | Illegal string offset 'name' IN FILE G:\server\OSPanel\domains\slt.local\slt\modules\Com\view\components\migration-list.php IN LINE 27
-------------------------------------------------
[2019-03-03 02:26:50] E_WARNING (code 2) | Illegal string offset 'path' IN FILE G:\server\OSPanel\domains\slt.local\slt\modules\Com\view\components\migration-list.php IN LINE 29
-------------------------------------------------
[2019-03-03 02:26:50] E_WARNING (code 2) | Illegal string offset 'name' IN FILE G:\server\OSPanel\domains\slt.local\slt\modules\Com\view\components\migration-list.php IN LINE 27
-------------------------------------------------
[2019-03-03 02:26:50] E_WARNING (code 2) | Illegal string offset 'path' IN FILE G:\server\OSPanel\domains\slt.local\slt\modules\Com\view\components\migration-list.php IN LINE 29
-------------------------------------------------
[2019-03-03 02:26:50] E_WARNING (code 2) | Illegal string offset 'name' IN FILE G:\server\OSPanel\domains\slt.local\slt\modules\Com\view\components\migration-list.php IN LINE 27
-------------------------------------------------
[2019-03-03 02:26:50] E_WARNING (code 2) | Illegal string offset 'path' IN FILE G:\server\OSPanel\domains\slt.local\slt\modules\Com\view\components\migration-list.php IN LINE 29
==================================================================================================
[2019-03-03 02:29:54] E_WARNING (code 2) | Illegal string offset 'name' IN FILE G:\server\OSPanel\domains\slt.local\slt\modules\Com\view\components\migration-list.php IN LINE 27
-------------------------------------------------
[2019-03-03 02:29:54] E_WARNING (code 2) | Illegal string offset 'path' IN FILE G:\server\OSPanel\domains\slt.local\slt\modules\Com\view\components\migration-list.php IN LINE 29
-------------------------------------------------
[2019-03-03 02:29:54] E_WARNING (code 2) | Illegal string offset 'name' IN FILE G:\server\OSPanel\domains\slt.local\slt\modules\Com\view\components\migration-list.php IN LINE 27
-------------------------------------------------
[2019-03-03 02:29:54] E_WARNING (code 2) | Illegal string offset 'path' IN FILE G:\server\OSPanel\domains\slt.local\slt\modules\Com\view\components\migration-list.php IN LINE 29
-------------------------------------------------
[2019-03-03 02:29:54] E_WARNING (code 2) | Illegal string offset 'name' IN FILE G:\server\OSPanel\domains\slt.local\slt\modules\Com\view\components\migration-list.php IN LINE 27
-------------------------------------------------
[2019-03-03 02:29:54] E_WARNING (code 2) | Illegal string offset 'path' IN FILE G:\server\OSPanel\domains\slt.local\slt\modules\Com\view\components\migration-list.php IN LINE 29
==================================================================================================
