

(Sys) Time of generate page: 0.058002948760986 AT 2018.10.02 17:29:57
(SQL query count) 9 AT 2018.10.02 17:29:57
(PHP ERR) Undefined offset: 0 G:\server\OSPanel\domains\mag3-master\app\models\Tag.php in line 16 AT 2018.10.02 17:29:57
(Log clear) fw/log//2018.09.28_270.log AT 2018.10.02 17:29:57

(Sys) Time of generate page: 0.021000862121582 AT 2018.10.02 17:30:02
(SQL query count) 0 AT 2018.10.02 17:30:02
(PHP ERR) call_user_func() expects parameter 1 to be a valid callback, non-static method indexController::_404() should not be called statically G:\server\OSPanel\domains\mag3-master\fw\kernel\Router.php in line 102 AT 2018.10.02 17:30:02

(Sys) Time of generate page: 0.41202402114868 AT 2018.10.02 17:30:08
(SQL query count) 16 AT 2018.10.02 17:30:08
(PHP ERR) Undefined index: email G:\server\OSPanel\domains\mag3-master\fw\kernel\Sess.php in line 14 AT 2018.10.02 17:30:08

(Sys) Time of generate page: 0.087005138397217 AT 2018.10.02 17:33:30
(SQL query count) 3 AT 2018.10.02 17:33:30
(PHP ERR) Invalid argument supplied for foreach() G:\server\OSPanel\domains\mag3-master\resources\view\admin\profile_page.php in line 61 AT 2018.10.02 17:33:30

(Sys) Time of generate page: 0.064002990722656 AT 2018.10.02 17:34:38
(SQL query count) 9 AT 2018.10.02 17:34:38
(PHP ERR) Undefined offset: 0 G:\server\OSPanel\domains\mag3-master\app\models\Tag.php in line 16 AT 2018.10.02 17:34:38

(Sys) Time of generate page: 0.030001878738403 AT 2018.10.02 17:37:07
(SQL query count) 9 AT 2018.10.02 17:37:07
(PHP ERR) Undefined offset: 0 G:\server\OSPanel\domains\mag3-master\app\models\Tag.php in line 16 AT 2018.10.02 17:37:07

(Sys) Time of generate page: 0.06000280380249 AT 2018.10.02 17:37:08
(SQL query count) 16 AT 2018.10.02 17:37:08
(PHP ERR) Undefined index: email G:\server\OSPanel\domains\mag3-master\fw\kernel\Sess.php in line 14 AT 2018.10.02 17:37:08

(Sys) Time of generate page: 0.012001037597656 AT 2018.10.02 17:37:17
(SQL query count) 0 AT 2018.10.02 17:37:17
(PHP ERR) call_user_func() expects parameter 1 to be a valid callback, non-static method indexController::_404() should not be called statically G:\server\OSPanel\domains\mag3-master\fw\kernel\Router.php in line 102 AT 2018.10.02 17:37:17

(Sys) Time of generate page: 0.042001962661743 AT 2018.10.02 17:37:20
(SQL query count) 9 AT 2018.10.02 17:37:20
(PHP ERR) Undefined offset: 0 G:\server\OSPanel\domains\mag3-master\app\models\Tag.php in line 16 AT 2018.10.02 17:37:20

(Sys) Time of generate page: 0.029000997543335 AT 2018.10.02 17:37:21
(SQL query count) 9 AT 2018.10.02 17:37:21
(PHP ERR) Undefined offset: 0 G:\server\OSPanel\domains\mag3-master\app\models\Tag.php in line 16 AT 2018.10.02 17:37:21

(Sys) Time of generate page: 0.030001163482666 AT 2018.10.02 17:38:51
(SQL query count) 9 AT 2018.10.02 17:38:51
(PHP ERR) Undefined offset: 0 G:\server\OSPanel\domains\mag3-master\app\models\Tag.php in line 16 AT 2018.10.02 17:38:51

(Sys) Time of generate page: 0.034002065658569 AT 2018.10.02 17:38:51
(SQL query count) 0 AT 2018.10.02 17:38:51
(PHP ERR) Undefined index: admin G:\server\OSPanel\domains\mag3-master\fw\kernel\Sess.php in line 14 AT 2018.10.02 17:38:51

(Sys) Time of generate page: 0.021000862121582 AT 2018.10.02 17:38:53
(SQL query count) 0 AT 2018.10.02 17:38:53
(PHP ERR) call_user_func() expects parameter 1 to be a valid callback, non-static method indexController::_404() should not be called statically G:\server\OSPanel\domains\mag3-master\fw\kernel\Router.php in line 102 AT 2018.10.02 17:38:53

(Sys) Time of generate page: 0.013000011444092 AT 2018.10.02 17:38:56
(SQL query count) 0 AT 2018.10.02 17:38:56
(PHP ERR) Undefined index: admin G:\server\OSPanel\domains\mag3-master\fw\kernel\Sess.php in line 14 AT 2018.10.02 17:38:56

(Sys) Time of generate page: 0.012001037597656 AT 2018.10.02 17:38:57
(SQL query count) 0 AT 2018.10.02 17:38:57
(PHP ERR) call_user_func() expects parameter 1 to be a valid callback, non-static method indexController::_404() should not be called statically G:\server\OSPanel\domains\mag3-master\fw\kernel\Router.php in line 102 AT 2018.10.02 17:38:57

(Sys) Time of generate page: 0.037002086639404 AT 2018.10.02 17:39:17
(SQL query count) 0 AT 2018.10.02 17:39:17
(PHP ERR) Undefined index: admin G:\server\OSPanel\domains\mag3-master\fw\kernel\Sess.php in line 14 AT 2018.10.02 17:39:17

(Sys) Time of generate page: 0.021001100540161 AT 2018.10.02 17:39:29
(SQL query count) 0 AT 2018.10.02 17:39:29
(PHP ERR) call_user_func() expects parameter 1 to be a valid callback, non-static method indexController::_404() should not be called statically G:\server\OSPanel\domains\mag3-master\fw\kernel\Router.php in line 102 AT 2018.10.02 17:39:29

(Sys) Time of generate page: 0.01400089263916 AT 2018.10.02 17:40:03
(SQL query count) 0 AT 2018.10.02 17:40:03
(PHP ERR) call_user_func() expects parameter 1 to be a valid callback, non-static method indexController::_404() should not be called statically G:\server\OSPanel\domains\mag3-master\fw\kernel\Router.php in line 102 AT 2018.10.02 17:40:03

(Sys) Time of generate page: 0.012001037597656 AT 2018.10.02 17:41:00
(SQL query count) 0 AT 2018.10.02 17:41:00
(PHP ERR) call_user_func() expects parameter 1 to be a valid callback, non-static method indexController::_404() should not be called statically G:\server\OSPanel\domains\mag3-master\fw\kernel\Router.php in line 102 AT 2018.10.02 17:41:00

(Sys) Time of generate page: 0.01200008392334 AT 2018.10.02 17:41:01
(SQL query count) 0 AT 2018.10.02 17:41:01
(PHP ERR) call_user_func() expects parameter 1 to be a valid callback, non-static method indexController::_404() should not be called statically G:\server\OSPanel\domains\mag3-master\fw\kernel\Router.php in line 102 AT 2018.10.02 17:41:01

(Sys) Time of generate page: 0.012001037597656 AT 2018.10.02 17:41:01
(SQL query count) 0 AT 2018.10.02 17:41:01
(PHP ERR) call_user_func() expects parameter 1 to be a valid callback, non-static method indexController::_404() should not be called statically G:\server\OSPanel\domains\mag3-master\fw\kernel\Router.php in line 102 AT 2018.10.02 17:41:01

(Sys) Time of generate page: 0.012001037597656 AT 2018.10.02 17:41:01
(SQL query count) 0 AT 2018.10.02 17:41:01
(PHP ERR) call_user_func() expects parameter 1 to be a valid callback, non-static method indexController::_404() should not be called statically G:\server\OSPanel\domains\mag3-master\fw\kernel\Router.php in line 102 AT 2018.10.02 17:41:01

(Sys) Time of generate page: 0.011999845504761 AT 2018.10.02 17:41:01
(SQL query count) 0 AT 2018.10.02 17:41:01
(PHP ERR) call_user_func() expects parameter 1 to be a valid callback, non-static method indexController::_404() should not be called statically G:\server\OSPanel\domains\mag3-master\fw\kernel\Router.php in line 102 AT 2018.10.02 17:41:01

(Sys) Time of generate page: 0.012001037597656 AT 2018.10.02 17:41:02
(SQL query count) 0 AT 2018.10.02 17:41:02
(PHP ERR) call_user_func() expects parameter 1 to be a valid callback, non-static method indexController::_404() should not be called statically G:\server\OSPanel\domains\mag3-master\fw\kernel\Router.php in line 102 AT 2018.10.02 17:41:02

(Sys) Time of generate page: 0.012000799179077 AT 2018.10.02 17:41:02
(SQL query count) 0 AT 2018.10.02 17:41:02
(PHP ERR) call_user_func() expects parameter 1 to be a valid callback, non-static method indexController::_404() should not be called statically G:\server\OSPanel\domains\mag3-master\fw\kernel\Router.php in line 102 AT 2018.10.02 17:41:02

(Sys) Time of generate page: 0.012001037597656 AT 2018.10.02 17:41:02
(SQL query count) 0 AT 2018.10.02 17:41:02
(PHP ERR) call_user_func() expects parameter 1 to be a valid callback, non-static method indexController::_404() should not be called statically G:\server\OSPanel\domains\mag3-master\fw\kernel\Router.php in line 102 AT 2018.10.02 17:41:02

(Sys) Time of generate page: 0.031000852584839 AT 2018.10.02 17:41:12
(SQL query count) 0 AT 2018.10.02 17:41:12
(PHP ERR) Undefined index: route G:\server\OSPanel\domains\mag3-master\fw\modules\com\view\route-list.php in line 33 AT 2018.10.02 17:41:12

(Sys) Time of generate page: 0.013000965118408 AT 2018.10.02 17:47:10
(SQL query count) 0 AT 2018.10.02 17:47:10
(PHP ERR) Undefined index: admin G:\server\OSPanel\domains\mag3-master\fw\kernel\Sess.php in line 14 AT 2018.10.02 17:47:10

(Sys) Time of generate page: 0.013000011444092 AT 2018.10.02 17:47:34
(SQL query count) 0 AT 2018.10.02 17:47:34
(PHP ERR) Undefined index: admin G:\server\OSPanel\domains\mag3-master\fw\kernel\Sess.php in line 14 AT 2018.10.02 17:47:34

(Sys) Time of generate page: 0.013999938964844 AT 2018.10.02 17:47:34
(SQL query count) 0 AT 2018.10.02 17:47:34
(PHP ERR) Undefined index: admin G:\server\OSPanel\domains\mag3-master\fw\kernel\Sess.php in line 14 AT 2018.10.02 17:47:34

(Sys) Time of generate page: 0.01400089263916 AT 2018.10.02 17:47:34
(SQL query count) 0 AT 2018.10.02 17:47:34
(PHP ERR) Undefined index: admin G:\server\OSPanel\domains\mag3-master\fw\kernel\Sess.php in line 14 AT 2018.10.02 17:47:34

(Sys) Time of generate page: 0.01200008392334 AT 2018.10.02 17:48:44
(SQL query count) 0 AT 2018.10.02 17:48:44
(PHP ERR) Undefined index: IndexController@_404 G:\server\OSPanel\domains\mag3-master\fw\kernel\Router.php in line 260 AT 2018.10.02 17:48:44

(Sys) Time of generate page: 0.022001028060913 AT 2018.10.02 17:50:17
(SQL query count) 0 AT 2018.10.02 17:50:17
(PHP ERR) Undefined index: IndexController@_404 G:\server\OSPanel\domains\mag3-master\fw\kernel\Router.php in line 260 AT 2018.10.02 17:50:17

(Sys) Time of generate page: 0.011999845504761 AT 2018.10.02 17:50:17
(SQL query count) 0 AT 2018.10.02 17:50:17
(PHP ERR) Undefined index: IndexController@_404 G:\server\OSPanel\domains\mag3-master\fw\kernel\Router.php in line 260 AT 2018.10.02 17:50:17

(Sys) Time of generate page: 0.012001037597656 AT 2018.10.02 17:50:17
(SQL query count) 0 AT 2018.10.02 17:50:17
(PHP ERR) Undefined index: IndexController@_404 G:\server\OSPanel\domains\mag3-master\fw\kernel\Router.php in line 260 AT 2018.10.02 17:50:17

(Sys) Time of generate page: 0.012999773025513 AT 2018.10.02 17:50:18
(SQL query count) 0 AT 2018.10.02 17:50:18
(PHP ERR) Undefined index: IndexController@_404 G:\server\OSPanel\domains\mag3-master\fw\kernel\Router.php in line 260 AT 2018.10.02 17:50:18

(Sys) Time of generate page: 0.01200008392334 AT 2018.10.02 17:50:18
(SQL query count) 0 AT 2018.10.02 17:50:18
(PHP ERR) Undefined index: IndexController@_404 G:\server\OSPanel\domains\mag3-master\fw\kernel\Router.php in line 260 AT 2018.10.02 17:50:18

(Sys) Time of generate page: 0.012001037597656 AT 2018.10.02 17:50:18
(SQL query count) 0 AT 2018.10.02 17:50:18
(PHP ERR) Undefined index: IndexController@_404 G:\server\OSPanel\domains\mag3-master\fw\kernel\Router.php in line 260 AT 2018.10.02 17:50:18

(Sys) Time of generate page: 0.013000965118408 AT 2018.10.02 17:50:18
(SQL query count) 0 AT 2018.10.02 17:50:18
(PHP ERR) Undefined index: IndexController@_404 G:\server\OSPanel\domains\mag3-master\fw\kernel\Router.php in line 260 AT 2018.10.02 17:50:18

(Sys) Time of generate page: 0.013001203536987 AT 2018.10.02 17:50:18
(SQL query count) 0 AT 2018.10.02 17:50:18
(PHP ERR) Undefined index: IndexController@_404 G:\server\OSPanel\domains\mag3-master\fw\kernel\Router.php in line 260 AT 2018.10.02 17:50:18

(Sys) Time of generate page: 0.013000011444092 AT 2018.10.02 17:50:18
(SQL query count) 0 AT 2018.10.02 17:50:18
(PHP ERR) Undefined index: IndexController@_404 G:\server\OSPanel\domains\mag3-master\fw\kernel\Router.php in line 260 AT 2018.10.02 17:50:18

(Sys) Time of generate page: 0.01200008392334 AT 2018.10.02 17:50:21
(SQL query count) 0 AT 2018.10.02 17:50:21
(PHP ERR) Undefined index: IndexController@_404 G:\server\OSPanel\domains\mag3-master\fw\kernel\Router.php in line 260 AT 2018.10.02 17:50:21

(Sys) Time of generate page: 0.021001100540161 AT 2018.10.02 17:51:28
(SQL query count) 0 AT 2018.10.02 17:51:28
(PHP ERR) Undefined index: IndexController@_404 G:\server\OSPanel\domains\mag3-master\fw\kernel\Router.php in line 260 AT 2018.10.02 17:51:28

(Sys) Time of generate page: 0.013000965118408 AT 2018.10.02 17:51:58
(SQL query count) 0 AT 2018.10.02 17:51:58
(PHP ERR) Undefined index: IndexController@_404 G:\server\OSPanel\domains\mag3-master\fw\kernel\Router.php in line 260 AT 2018.10.02 17:51:58

(Sys) Time of generate page: 0.012000799179077 AT 2018.10.02 17:51:58
(SQL query count) 0 AT 2018.10.02 17:51:58
(PHP ERR) Undefined index: IndexController@_404 G:\server\OSPanel\domains\mag3-master\fw\kernel\Router.php in line 260 AT 2018.10.02 17:51:58

(Sys) Time of generate page: 0.012000799179077 AT 2018.10.02 17:51:59
(SQL query count) 0 AT 2018.10.02 17:51:59
(PHP ERR) Undefined index: IndexController@_404 G:\server\OSPanel\domains\mag3-master\fw\kernel\Router.php in line 260 AT 2018.10.02 17:51:59

(Sys) Time of generate page: 0.01200008392334 AT 2018.10.02 17:51:59
(SQL query count) 0 AT 2018.10.02 17:51:59
(PHP ERR) Undefined index: IndexController@_404 G:\server\OSPanel\domains\mag3-master\fw\kernel\Router.php in line 260 AT 2018.10.02 17:51:59

(Sys) Time of generate page: 0.012001037597656 AT 2018.10.02 17:51:59
(SQL query count) 0 AT 2018.10.02 17:51:59
(PHP ERR) Undefined index: IndexController@_404 G:\server\OSPanel\domains\mag3-master\fw\kernel\Router.php in line 260 AT 2018.10.02 17:51:59

(Sys) Time of generate page: 0.011999845504761 AT 2018.10.02 17:51:59
(SQL query count) 0 AT 2018.10.02 17:51:59
(PHP ERR) Undefined index: IndexController@_404 G:\server\OSPanel\domains\mag3-master\fw\kernel\Router.php in line 260 AT 2018.10.02 17:51:59

(Sys) Time of generate page: 0.012000799179077 AT 2018.10.02 17:51:59
(SQL query count) 0 AT 2018.10.02 17:51:59
(PHP ERR) Undefined index: IndexController@_404 G:\server\OSPanel\domains\mag3-master\fw\kernel\Router.php in line 260 AT 2018.10.02 17:51:59

(Sys) Time of generate page: 0.013000011444092 AT 2018.10.02 17:52:02
(SQL query count) 0 AT 2018.10.02 17:52:02
(PHP ERR) Undefined index: IndexController@_404 G:\server\OSPanel\domains\mag3-master\fw\kernel\Router.php in line 260 AT 2018.10.02 17:52:02

(Sys) Time of generate page: 0.012001037597656 AT 2018.10.02 17:52:02
(SQL query count) 0 AT 2018.10.02 17:52:02
(PHP ERR) Undefined index: IndexController@_404 G:\server\OSPanel\domains\mag3-master\fw\kernel\Router.php in line 260 AT 2018.10.02 17:52:02

(Sys) Time of generate page: 0.012000799179077 AT 2018.10.02 17:52:02
(SQL query count) 0 AT 2018.10.02 17:52:02
(PHP ERR) Undefined index: IndexController@_404 G:\server\OSPanel\domains\mag3-master\fw\kernel\Router.php in line 260 AT 2018.10.02 17:52:02

(Sys) Time of generate page: 0.01200008392334 AT 2018.10.02 17:52:02
(SQL query count) 0 AT 2018.10.02 17:52:02
(PHP ERR) Undefined index: IndexController@_404 G:\server\OSPanel\domains\mag3-master\fw\kernel\Router.php in line 260 AT 2018.10.02 17:52:02

(Sys) Time of generate page: 0.011999845504761 AT 2018.10.02 17:52:02
(SQL query count) 0 AT 2018.10.02 17:52:02
(PHP ERR) Undefined index: IndexController@_404 G:\server\OSPanel\domains\mag3-master\fw\kernel\Router.php in line 260 AT 2018.10.02 17:52:02

(Sys) Time of generate page: 0.012000799179077 AT 2018.10.02 17:52:03
(SQL query count) 0 AT 2018.10.02 17:52:03
(PHP ERR) Undefined index: IndexController@_404 G:\server\OSPanel\domains\mag3-master\fw\kernel\Router.php in line 260 AT 2018.10.02 17:52:03

(Sys) Time of generate page: 1.239070892334 AT 2018.10.02 17:52:06
(SQL query count) 19 AT 2018.10.02 17:52:06
(PHP ERR) Undefined offset: 2 G:\server\OSPanel\domains\mag3-master\resources\view\attract\layouts\blocks\blog-articles.php in line 40 AT 2018.10.02 17:52:06

(Sys) Time of generate page: 0.012001037597656 AT 2018.10.02 17:52:10
(SQL query count) 0 AT 2018.10.02 17:52:10
(PHP ERR) Undefined index: IndexController@_404 G:\server\OSPanel\domains\mag3-master\fw\kernel\Router.php in line 260 AT 2018.10.02 17:52:10

(Sys) Time of generate page: 0.012001037597656 AT 2018.10.02 17:52:14
(SQL query count) 0 AT 2018.10.02 17:52:14

(Sys) Time of generate page: 0.037001848220825 AT 2018.10.02 17:52:14
(SQL query count) 5 AT 2018.10.02 17:52:14

(Sys) Time of generate page: 0.013000965118408 AT 2018.10.02 17:52:14
(SQL query count) 0 AT 2018.10.02 17:52:14

(Sys) Time of generate page: 0.013000011444092 AT 2018.10.02 17:52:20
(SQL query count) 0 AT 2018.10.02 17:52:20
(PHP ERR) Undefined index: IndexController@_404 G:\server\OSPanel\domains\mag3-master\fw\kernel\Router.php in line 260 AT 2018.10.02 17:52:20

(Sys) Time of generate page: 0.014001131057739 AT 2018.10.02 17:52:41
(SQL query count) 0 AT 2018.10.02 17:52:41
(PHP ERR) Undefined index: route G:\server\OSPanel\domains\mag3-master\fw\modules\com\view\route-list.php in line 33 AT 2018.10.02 17:52:41

(Sys) Time of generate page: 0.021000862121582 AT 2018.10.02 17:54:16
(SQL query count) 0 AT 2018.10.02 17:54:16
(PHP ERR) Undefined index: IndexController@_404 G:\server\OSPanel\domains\mag3-master\fw\kernel\Router.php in line 260 AT 2018.10.02 17:54:16

(Sys) Time of generate page: 0.012001037597656 AT 2018.10.02 17:54:16
(SQL query count) 0 AT 2018.10.02 17:54:16
(PHP ERR) Undefined index: IndexController@_404 G:\server\OSPanel\domains\mag3-master\fw\kernel\Router.php in line 260 AT 2018.10.02 17:54:16

(Sys) Time of generate page: 0.011999845504761 AT 2018.10.02 17:54:16
(SQL query count) 0 AT 2018.10.02 17:54:16
(PHP ERR) Undefined index: IndexController@_404 G:\server\OSPanel\domains\mag3-master\fw\kernel\Router.php in line 260 AT 2018.10.02 17:54:16

(Sys) Time of generate page: 0.013001203536987 AT 2018.10.02 17:54:17
(SQL query count) 0 AT 2018.10.02 17:54:17
(PHP ERR) Undefined index: IndexController@_404 G:\server\OSPanel\domains\mag3-master\fw\kernel\Router.php in line 260 AT 2018.10.02 17:54:17

(Sys) Time of generate page: 0.013000011444092 AT 2018.10.02 17:54:17
(SQL query count) 0 AT 2018.10.02 17:54:17
(PHP ERR) Undefined index: IndexController@_404 G:\server\OSPanel\domains\mag3-master\fw\kernel\Router.php in line 260 AT 2018.10.02 17:54:17

(Sys) Time of generate page: 0.012000799179077 AT 2018.10.02 17:54:17
(SQL query count) 0 AT 2018.10.02 17:54:17
(PHP ERR) Undefined index: IndexController@_404 G:\server\OSPanel\domains\mag3-master\fw\kernel\Router.php in line 260 AT 2018.10.02 17:54:17

(Sys) Time of generate page: 0.012001037597656 AT 2018.10.02 17:54:21
(SQL query count) 0 AT 2018.10.02 17:54:21

(Sys) Time of generate page: 0.017000913619995 AT 2018.10.02 17:54:21
(SQL query count) 5 AT 2018.10.02 17:54:21

(Sys) Time of generate page: 0.016000986099243 AT 2018.10.02 17:54:21
(SQL query count) 0 AT 2018.10.02 17:54:21

(Sys) Time of generate page: 0.01200008392334 AT 2018.10.02 17:54:21
(SQL query count) 0 AT 2018.10.02 17:54:21

(Sys) Time of generate page: 0.016000986099243 AT 2018.10.02 17:54:21
(SQL query count) 5 AT 2018.10.02 17:54:21

(Sys) Time of generate page: 0.012001037597656 AT 2018.10.02 17:54:21
(SQL query count) 0 AT 2018.10.02 17:54:21

(Sys) Time of generate page: 0.02000093460083 AT 2018.10.02 17:54:27
(SQL query count) 0 AT 2018.10.02 17:54:27
(PHP ERR) Undefined index: IndexController@_404 G:\server\OSPanel\domains\mag3-master\fw\kernel\Router.php in line 260 AT 2018.10.02 17:54:27

(Sys) Time of generate page: 0.019001007080078 AT 2018.10.02 18:26:36
(SQL query count) 0 AT 2018.10.02 18:26:36
(PHP ERR) Undefined index: IndexController@_404 G:\server\OSPanel\domains\mag3-master\fw\kernel\Router.php in line 261 AT 2018.10.02 18:26:36

(Sys) Time of generate page: 0.016000986099243 AT 2018.10.02 18:29:15
(SQL query count) 1 AT 2018.10.02 18:29:15

(Sys) Time of generate page: 0.013000965118408 AT 2018.10.02 18:29:15
(SQL query count) 0 AT 2018.10.02 18:29:15

(Sys) Time of generate page: 0.017001152038574 AT 2018.10.02 18:29:15
(SQL query count) 5 AT 2018.10.02 18:29:15

(Sys) Time of generate page: 0.035001993179321 AT 2018.10.02 18:29:20
(SQL query count) 0 AT 2018.10.02 18:29:20
(PHP ERR) Undefined variable: comment G:\server\OSPanel\domains\mag3-master\resources\view\admin\moderation.php in line 67 AT 2018.10.02 18:29:20

(Sys) Time of generate page: 0.047001838684082 AT 2018.10.02 18:29:21
(SQL query count) 1 AT 2018.10.02 18:29:21

(Sys) Time of generate page: 0.035001993179321 AT 2018.10.02 18:29:21
(SQL query count) 1 AT 2018.10.02 18:29:21

(Sys) Time of generate page: 0.067003011703491 AT 2018.10.02 18:46:25
(SQL query count) 16 AT 2018.10.02 18:46:25
(PHP ERR) Undefined variable: reviews G:\server\OSPanel\domains\mag3-master\resources\view\attract\layouts\blocks\review-list.php in line 5 AT 2018.10.02 18:46:25

(Sys) Time of generate page: 0.032002210617065 AT 2018.10.02 18:46:38
(SQL query count) 16 AT 2018.10.02 18:46:38
(PHP ERR) Undefined variable: reviews G:\server\OSPanel\domains\mag3-master\resources\view\attract\layouts\blocks\review-list.php in line 5 AT 2018.10.02 18:46:38

(Sys) Time of generate page: 0.043002128601074 AT 2018.10.02 18:47:02
(SQL query count) 16 AT 2018.10.02 18:47:02
(PHP ERR) Undefined variable: reviews G:\server\OSPanel\domains\mag3-master\resources\view\attract\layouts\blocks\review-list.php in line 5 AT 2018.10.02 18:47:02

(Sys) Time of generate page: 0.031002044677734 AT 2018.10.02 18:47:03
(SQL query count) 16 AT 2018.10.02 18:47:03
(PHP ERR) Undefined variable: reviews G:\server\OSPanel\domains\mag3-master\resources\view\attract\layouts\blocks\review-list.php in line 5 AT 2018.10.02 18:47:03

(Sys) Time of generate page: 0.047003030776978 AT 2018.10.02 18:47:03
(SQL query count) 16 AT 2018.10.02 18:47:03
(PHP ERR) Undefined variable: reviews G:\server\OSPanel\domains\mag3-master\resources\view\attract\layouts\blocks\review-list.php in line 5 AT 2018.10.02 18:47:03

(Sys) Time of generate page: 0.032001972198486 AT 2018.10.02 18:47:04
(SQL query count) 16 AT 2018.10.02 18:47:04
(PHP ERR) Undefined variable: reviews G:\server\OSPanel\domains\mag3-master\resources\view\attract\layouts\blocks\review-list.php in line 5 AT 2018.10.02 18:47:04

(Sys) Time of generate page: 0.032002210617065 AT 2018.10.02 18:47:04
(SQL query count) 16 AT 2018.10.02 18:47:04
(PHP ERR) Undefined variable: reviews G:\server\OSPanel\domains\mag3-master\resources\view\attract\layouts\blocks\review-list.php in line 5 AT 2018.10.02 18:47:04

(Sys) Time of generate page: 0.044002056121826 AT 2018.10.02 18:47:52
(SQL query count) 16 AT 2018.10.02 18:47:52
(PHP ERR) Undefined variable: reviews G:\server\OSPanel\domains\mag3-master\resources\view\attract\layouts\blocks\review-list.php in line 5 AT 2018.10.02 18:47:52

(Sys) Time of generate page: 0.051003217697144 AT 2018.10.02 18:48:39
(SQL query count) 16 AT 2018.10.02 18:48:39
(PHP ERR) Illegal string offset 'keywords' G:\server\OSPanel\domains\mag3-master\resources\view\attract\layouts\head.php in line 7 AT 2018.10.02 18:48:39

(Sys) Time of generate page: 0.033002138137817 AT 2018.10.02 18:48:46
(SQL query count) 16 AT 2018.10.02 18:48:46
(PHP ERR) Illegal string offset 'keywords' G:\server\OSPanel\domains\mag3-master\resources\view\attract\layouts\head.php in line 7 AT 2018.10.02 18:48:46

(Sys) Time of generate page: 0.039002180099487 AT 2018.10.02 18:48:47
(SQL query count) 7 AT 2018.10.02 18:48:47
(PHP ERR) Undefined variable: profile G:\server\OSPanel\domains\mag3-master\resources\view\attract\layouts\head.php in line 7 AT 2018.10.02 18:48:47

(Sys) Time of generate page: 0.022001028060913 AT 2018.10.02 18:48:48
(SQL query count) 8 AT 2018.10.02 18:48:48

(Sys) Time of generate page: 0.045002937316895 AT 2018.10.02 18:48:48
(SQL query count) 1 AT 2018.10.02 18:48:48

(Sys) Time of generate page: 0.016000986099243 AT 2018.10.02 18:48:48
(SQL query count) 1 AT 2018.10.02 18:48:48

(Sys) Time of generate page: 0.016000986099243 AT 2018.10.02 18:48:48
(SQL query count) 1 AT 2018.10.02 18:48:48

(Sys) Time of generate page: 0.019001960754395 AT 2018.10.02 18:48:48
(SQL query count) 7 AT 2018.10.02 18:48:48
(PHP ERR) Undefined variable: profile G:\server\OSPanel\domains\mag3-master\resources\view\attract\layouts\head.php in line 7 AT 2018.10.02 18:48:48

(Sys) Time of generate page: 0.018001079559326 AT 2018.10.02 18:48:48
(SQL query count) 7 AT 2018.10.02 18:48:48
(PHP ERR) Undefined variable: profile G:\server\OSPanel\domains\mag3-master\resources\view\attract\layouts\head.php in line 7 AT 2018.10.02 18:48:48

(Sys) Time of generate page: 0.018001079559326 AT 2018.10.02 18:48:48
(SQL query count) 7 AT 2018.10.02 18:48:48
(PHP ERR) Undefined variable: profile G:\server\OSPanel\domains\mag3-master\resources\view\attract\layouts\head.php in line 7 AT 2018.10.02 18:48:48

(Sys) Time of generate page: 0.018001079559326 AT 2018.10.02 18:48:48
(SQL query count) 7 AT 2018.10.02 18:48:48
(PHP ERR) Undefined variable: profile G:\server\OSPanel\domains\mag3-master\resources\view\attract\layouts\head.php in line 7 AT 2018.10.02 18:48:48

(Sys) Time of generate page: 0.017000913619995 AT 2018.10.02 18:48:48
(SQL query count) 7 AT 2018.10.02 18:48:48
(PHP ERR) Undefined variable: profile G:\server\OSPanel\domains\mag3-master\resources\view\attract\layouts\head.php in line 7 AT 2018.10.02 18:48:48

(Sys) Time of generate page: 0.018001079559326 AT 2018.10.02 18:48:48
(SQL query count) 7 AT 2018.10.02 18:48:48
(PHP ERR) Undefined variable: profile G:\server\OSPanel\domains\mag3-master\resources\view\attract\layouts\head.php in line 7 AT 2018.10.02 18:48:48

(Sys) Time of generate page: 0.018001079559326 AT 2018.10.02 18:48:48
(SQL query count) 7 AT 2018.10.02 18:48:48
(PHP ERR) Undefined variable: profile G:\server\OSPanel\domains\mag3-master\resources\view\attract\layouts\head.php in line 7 AT 2018.10.02 18:48:48

(Sys) Time of generate page: 0.018001079559326 AT 2018.10.02 18:48:48
(SQL query count) 7 AT 2018.10.02 18:48:48
(PHP ERR) Undefined variable: profile G:\server\OSPanel\domains\mag3-master\resources\view\attract\layouts\head.php in line 7 AT 2018.10.02 18:48:48

(Sys) Time of generate page: 0.018001079559326 AT 2018.10.02 18:48:48
(SQL query count) 7 AT 2018.10.02 18:48:48
(PHP ERR) Undefined variable: profile G:\server\OSPanel\domains\mag3-master\resources\view\attract\layouts\head.php in line 7 AT 2018.10.02 18:48:48

(Sys) Time of generate page: 0.018001079559326 AT 2018.10.02 18:48:48
(SQL query count) 7 AT 2018.10.02 18:48:48
(PHP ERR) Undefined variable: profile G:\server\OSPanel\domains\mag3-master\resources\view\attract\layouts\head.php in line 7 AT 2018.10.02 18:48:48

(Sys) Time of generate page: 0.020002126693726 AT 2018.10.02 18:48:48
(SQL query count) 7 AT 2018.10.02 18:48:48
(PHP ERR) Undefined variable: profile G:\server\OSPanel\domains\mag3-master\resources\view\attract\layouts\head.php in line 7 AT 2018.10.02 18:48:48

(Sys) Time of generate page: 0.017001152038574 AT 2018.10.02 18:48:48
(SQL query count) 7 AT 2018.10.02 18:48:48
(PHP ERR) Undefined variable: profile G:\server\OSPanel\domains\mag3-master\resources\view\attract\layouts\head.php in line 7 AT 2018.10.02 18:48:48

(Sys) Time of generate page: 0.018001079559326 AT 2018.10.02 18:48:48
(SQL query count) 7 AT 2018.10.02 18:48:48
(PHP ERR) Undefined variable: profile G:\server\OSPanel\domains\mag3-master\resources\view\attract\layouts\head.php in line 7 AT 2018.10.02 18:48:48

(Sys) Time of generate page: 0.018001079559326 AT 2018.10.02 18:48:48
(SQL query count) 7 AT 2018.10.02 18:48:48
(PHP ERR) Undefined variable: profile G:\server\OSPanel\domains\mag3-master\resources\view\attract\layouts\head.php in line 7 AT 2018.10.02 18:48:48

(Sys) Time of generate page: 0.019001007080078 AT 2018.10.02 18:48:48
(SQL query count) 7 AT 2018.10.02 18:48:48
(PHP ERR) Undefined variable: profile G:\server\OSPanel\domains\mag3-master\resources\view\attract\layouts\head.php in line 7 AT 2018.10.02 18:48:48

(Sys) Time of generate page: 0.018000841140747 AT 2018.10.02 18:48:48
(SQL query count) 7 AT 2018.10.02 18:48:48
(PHP ERR) Undefined variable: profile G:\server\OSPanel\domains\mag3-master\resources\view\attract\layouts\head.php in line 7 AT 2018.10.02 18:48:48

(Sys) Time of generate page: 0.018001079559326 AT 2018.10.02 18:48:48
(SQL query count) 7 AT 2018.10.02 18:48:48
(PHP ERR) Undefined variable: profile G:\server\OSPanel\domains\mag3-master\resources\view\attract\layouts\head.php in line 7 AT 2018.10.02 18:48:48

(Sys) Time of generate page: 0.018000841140747 AT 2018.10.02 18:48:48
(SQL query count) 7 AT 2018.10.02 18:48:48
(PHP ERR) Undefined variable: profile G:\server\OSPanel\domains\mag3-master\resources\view\attract\layouts\head.php in line 7 AT 2018.10.02 18:48:48

(Sys) Time of generate page: 0.018001079559326 AT 2018.10.02 18:48:48
(SQL query count) 7 AT 2018.10.02 18:48:48
(PHP ERR) Undefined variable: profile G:\server\OSPanel\domains\mag3-master\resources\view\attract\layouts\head.php in line 7 AT 2018.10.02 18:48:48

(Sys) Time of generate page: 0.019001007080078 AT 2018.10.02 18:48:48
(SQL query count) 7 AT 2018.10.02 18:48:48
(PHP ERR) Undefined variable: profile G:\server\OSPanel\domains\mag3-master\resources\view\attract\layouts\head.php in line 7 AT 2018.10.02 18:48:48

(Sys) Time of generate page: 0.018001079559326 AT 2018.10.02 18:48:48
(SQL query count) 7 AT 2018.10.02 18:48:48
(PHP ERR) Undefined variable: profile G:\server\OSPanel\domains\mag3-master\resources\view\attract\layouts\head.php in line 7 AT 2018.10.02 18:48:48

(Sys) Time of generate page: 0.018001079559326 AT 2018.10.02 18:48:48
(SQL query count) 7 AT 2018.10.02 18:48:48
(PHP ERR) Undefined variable: profile G:\server\OSPanel\domains\mag3-master\resources\view\attract\layouts\head.php in line 7 AT 2018.10.02 18:48:48

(Sys) Time of generate page: 0.018000841140747 AT 2018.10.02 18:48:48
(SQL query count) 7 AT 2018.10.02 18:48:48
(PHP ERR) Undefined variable: profile G:\server\OSPanel\domains\mag3-master\resources\view\attract\layouts\head.php in line 7 AT 2018.10.02 18:48:48

(Sys) Time of generate page: 0.018000841140747 AT 2018.10.02 18:48:49
(SQL query count) 7 AT 2018.10.02 18:48:49
(PHP ERR) Undefined variable: profile G:\server\OSPanel\domains\mag3-master\resources\view\attract\layouts\head.php in line 7 AT 2018.10.02 18:48:49

(Sys) Time of generate page: 0.018001794815063 AT 2018.10.02 18:48:49
(SQL query count) 7 AT 2018.10.02 18:48:49
(PHP ERR) Undefined variable: profile G:\server\OSPanel\domains\mag3-master\resources\view\attract\layouts\head.php in line 7 AT 2018.10.02 18:48:49

(Sys) Time of generate page: 0.032001972198486 AT 2018.10.02 18:48:49
(SQL query count) 16 AT 2018.10.02 18:48:49
(PHP ERR) Illegal string offset 'keywords' G:\server\OSPanel\domains\mag3-master\resources\view\attract\layouts\head.php in line 7 AT 2018.10.02 18:48:49

(Sys) Time of generate page: 0.063003063201904 AT 2018.10.02 18:48:49
(SQL query count) 7 AT 2018.10.02 18:48:49
(PHP ERR) Undefined variable: profile G:\server\OSPanel\domains\mag3-master\resources\view\attract\layouts\head.php in line 7 AT 2018.10.02 18:48:49

(Sys) Time of generate page: 0.03200101852417 AT 2018.10.02 18:48:50
(SQL query count) 16 AT 2018.10.02 18:48:50
(PHP ERR) Illegal string offset 'keywords' G:\server\OSPanel\domains\mag3-master\resources\view\attract\layouts\head.php in line 7 AT 2018.10.02 18:48:50

(Sys) Time of generate page: 1.9201099872589 AT 2018.10.02 18:48:53
(SQL query count) 19 AT 2018.10.02 18:48:53
(PHP ERR) Undefined offset: 2 G:\server\OSPanel\domains\mag3-master\resources\view\attract\layouts\blocks\blog-articles.php in line 40 AT 2018.10.02 18:48:53

(Sys) Time of generate page: 0.034002065658569 AT 2018.10.02 18:48:55
(SQL query count) 16 AT 2018.10.02 18:48:55
(PHP ERR) Illegal string offset 'keywords' G:\server\OSPanel\domains\mag3-master\resources\view\attract\layouts\head.php in line 7 AT 2018.10.02 18:48:55

(Sys) Time of generate page: 0.01400089263916 AT 2018.10.02 18:48:58
(SQL query count) 0 AT 2018.10.02 18:48:58
(PHP ERR) Undefined index: s G:\server\OSPanel\domains\mag3-master\resources\view\admin\profile_page.php in line 14 AT 2018.10.02 18:48:58

(Sys) Time of generate page: 0.044001817703247 AT 2018.10.02 18:49:02
(SQL query count) 3 AT 2018.10.02 18:49:02
(PHP ERR) Invalid argument supplied for foreach() G:\server\OSPanel\domains\mag3-master\resources\view\admin\profile_page.php in line 61 AT 2018.10.02 18:49:02

(Sys) Time of generate page: 0.021002054214478 AT 2018.10.02 18:49:15
(SQL query count) 3 AT 2018.10.02 18:49:15
(PHP ERR) Invalid argument supplied for foreach() G:\server\OSPanel\domains\mag3-master\resources\view\admin\profile_page.php in line 61 AT 2018.10.02 18:49:15

(Sys) Time of generate page: 0.022002220153809 AT 2018.10.02 18:49:18
(SQL query count) 0 AT 2018.10.02 18:49:18

(Sys) Time of generate page: 0.023002147674561 AT 2018.10.02 18:49:21
(SQL query count) 0 AT 2018.10.02 18:49:21

(Sys) Time of generate page: 0.016000986099243 AT 2018.10.02 18:49:21
(SQL query count) 0 AT 2018.10.02 18:49:21

(Sys) Time of generate page: 0.020001173019409 AT 2018.10.02 18:49:23
(SQL query count) 3 AT 2018.10.02 18:49:23
(PHP ERR) Invalid argument supplied for foreach() G:\server\OSPanel\domains\mag3-master\resources\view\admin\profile_page.php in line 61 AT 2018.10.02 18:49:23

(Sys) Time of generate page: 0.046002149581909 AT 2018.10.02 18:50:42
(SQL query count) 9 AT 2018.10.02 18:50:42
(PHP ERR) Undefined offset: 0 G:\server\OSPanel\domains\mag3-master\app\models\Tag.php in line 16 AT 2018.10.02 18:50:42

(Sys) Time of generate page: 0.029000997543335 AT 2018.10.02 18:50:48
(SQL query count) 9 AT 2018.10.02 18:50:48
(PHP ERR) Undefined offset: 0 G:\server\OSPanel\domains\mag3-master\app\models\Tag.php in line 16 AT 2018.10.02 18:50:48

(Sys) Time of generate page: 0.016000986099243 AT 2018.10.02 18:50:55
(SQL query count) 5 AT 2018.10.02 18:50:55

(Sys) Time of generate page: 0.049002885818481 AT 2018.10.02 18:50:57
(SQL query count) 9 AT 2018.10.02 18:50:57
(PHP ERR) Undefined offset: 0 G:\server\OSPanel\domains\mag3-master\app\models\Tag.php in line 16 AT 2018.10.02 18:50:57

(Sys) Time of generate page: 0.030000925064087 AT 2018.10.02 18:50:59
(SQL query count) 3 AT 2018.10.02 18:50:59
(PHP ERR) Undefined index: slug G:\server\OSPanel\domains\mag3-master\fw\kernel\Validator.php in line 35 AT 2018.10.02 18:50:59

(Sys) Time of generate page: 0.041002035140991 AT 2018.10.02 18:50:59
(SQL query count) 9 AT 2018.10.02 18:50:59
(PHP ERR) Undefined offset: 0 G:\server\OSPanel\domains\mag3-master\app\models\Tag.php in line 16 AT 2018.10.02 18:50:59

(Sys) Time of generate page: 0.027001142501831 AT 2018.10.02 18:51:02
(SQL query count) 8 AT 2018.10.02 18:51:02
(PHP ERR) Undefined index: meta_value G:\server\OSPanel\domains\mag3-master\fw\kernel\Validator.php in line 35 AT 2018.10.02 18:51:02

(Sys) Time of generate page: 0.018001079559326 AT 2018.10.02 18:51:05
(SQL query count) 3 AT 2018.10.02 18:51:05
(PHP ERR) Undefined index: slug G:\server\OSPanel\domains\mag3-master\fw\kernel\Validator.php in line 35 AT 2018.10.02 18:51:05

(Sys) Time of generate page: 0.030001878738403 AT 2018.10.02 18:51:05
(SQL query count) 9 AT 2018.10.02 18:51:05
(PHP ERR) Undefined offset: 0 G:\server\OSPanel\domains\mag3-master\app\models\Tag.php in line 16 AT 2018.10.02 18:51:05

(Sys) Time of generate page: 0.050003051757812 AT 2018.10.02 18:51:06
(SQL query count) 16 AT 2018.10.02 18:51:06
(PHP ERR) Illegal string offset 'keywords' G:\server\OSPanel\domains\mag3-master\resources\view\attract\layouts\head.php in line 7 AT 2018.10.02 18:51:06

(Sys) Time of generate page: 0.030000925064087 AT 2018.10.02 18:52:41
(SQL query count) 9 AT 2018.10.02 18:52:41
(PHP ERR) Undefined offset: 0 G:\server\OSPanel\domains\mag3-master\app\models\Tag.php in line 16 AT 2018.10.02 18:52:41

(Sys) Time of generate page: 0.041002035140991 AT 2018.10.02 18:54:52
(SQL query count) 16 AT 2018.10.02 18:54:52
(PHP ERR) Illegal string offset 'keywords' G:\server\OSPanel\domains\mag3-master\resources\view\attract\layouts\head.php in line 7 AT 2018.10.02 18:54:52

(Sys) Time of generate page: 0.046002864837646 AT 2018.10.02 19:35:50
(SQL query count) 0 AT 2018.10.02 19:35:50

(Maker) Unset migration 'Comment_link' AT 2018.10.02 19:35:59
(Maker) Set migration 'Comment_link' AT 2018.10.02 19:36:00
(CoreTemplate::create()) Template 'app/sets/Comment_link.php' was generated AT 2018.10.02 19:36:00
(Sys) Time of generate page: 0.25801491737366 AT 2018.10.02 19:36:00
(SQL query count) 2 AT 2018.10.02 19:36:00
(PHP ERR) Undefined index:  G:\server\OSPanel\domains\mag3-master\fw\kernel\DBIO.php in line 236 AT 2018.10.02 19:36:00

(Maker) Unset migration 'Comment_link' AT 2018.10.02 19:36:31
(Maker) Set migration 'Comment_link' AT 2018.10.02 19:36:31
(Sys) Time of generate page: 0.22501301765442 AT 2018.10.02 19:36:31
(SQL query count) 2 AT 2018.10.02 19:36:31
(PHP ERR) Undefined index:  G:\server\OSPanel\domains\mag3-master\fw\kernel\DBIO.php in line 236 AT 2018.10.02 19:36:31

(Sys) Time of generate page: 0.065004110336304 AT 2018.10.02 20:13:09
(SQL query count) 8 AT 2018.10.02 20:13:09
(PHP ERR) Undefined index: profileid G:\server\OSPanel\domains\mag3-master\fw\kernel\Validator.php in line 35 AT 2018.10.02 20:13:09

(Sys) Time of generate page: 0.018001079559326 AT 2018.10.02 20:13:09
(SQL query count) 0 AT 2018.10.02 20:13:09
(PHP ERR) Undefined index: s G:\server\OSPanel\domains\mag3-master\resources\view\admin\profile_page.php in line 14 AT 2018.10.02 20:13:09

(Sys) Time of generate page: 0.14000797271729 AT 2018.10.02 23:22:07
(SQL query count) 1 AT 2018.10.02 23:22:07
(PHP ERR) Undefined index: city G:\server\OSPanel\domains\mag3-master\fw\kernel\Validator.php in line 35 AT 2018.10.02 23:22:07

(Sys) Time of generate page: 0.027001142501831 AT 2018.10.02 23:22:11
(SQL query count) 0 AT 2018.10.02 23:22:11
(PHP ERR) Undefined variable: comment G:\server\OSPanel\domains\mag3-master\resources\view\admin\moderation.php in line 67 AT 2018.10.02 23:22:11

(Sys) Time of generate page: 0.030002117156982 AT 2018.10.02 23:24:35
(SQL query count) 0 AT 2018.10.02 23:24:35
(PHP ERR) Undefined index: route G:\server\OSPanel\domains\mag3-master\fw\modules\com\view\route-list.php in line 33 AT 2018.10.02 23:24:35

(Sys) Time of generate page: 0.023000955581665 AT 2018.10.02 23:29:23
(SQL query count) 0 AT 2018.10.02 23:29:23
(PHP ERR) Undefined variable: comment G:\server\OSPanel\domains\mag3-master\resources\view\admin\moderation.php in line 67 AT 2018.10.02 23:29:23

(Sys) Time of generate page: 0.028001070022583 AT 2018.10.02 23:29:24
(SQL query count) 2 AT 2018.10.02 23:29:24
(PHP ERR) Undefined variable: comment G:\server\OSPanel\domains\mag3-master\resources\view\admin\moderation.php in line 67 AT 2018.10.02 23:29:24

(Sys) Time of generate page: 0.021002054214478 AT 2018.10.02 23:29:26
(SQL query count) 7 AT 2018.10.02 23:29:26
(PHP ERR) Undefined index: meta_value G:\server\OSPanel\domains\mag3-master\fw\kernel\Validator.php in line 35 AT 2018.10.02 23:29:26

(Sys) Time of generate page: 0.016000986099243 AT 2018.10.02 23:29:26
(SQL query count) 1 AT 2018.10.02 23:29:26
(PHP ERR) Undefined variable: comment G:\server\OSPanel\domains\mag3-master\resources\view\admin\moderation.php in line 67 AT 2018.10.02 23:29:26

(Sys) Time of generate page: 0.025000810623169 AT 2018.10.02 23:29:28
(SQL query count) 1 AT 2018.10.02 23:29:28
(PHP ERR) Undefined offset: 0 G:\server\OSPanel\domains\mag3-master\fw\kernel\DBIO.php in line 219 AT 2018.10.02 23:29:28

(Sys) Time of generate page: 0.014999866485596 AT 2018.10.02 23:29:31
(SQL query count) 1 AT 2018.10.02 23:29:31
(PHP ERR) Undefined offset: 0 G:\server\OSPanel\domains\mag3-master\fw\kernel\DBIO.php in line 219 AT 2018.10.02 23:29:31

(Sys) Time of generate page: 0.015001058578491 AT 2018.10.02 23:29:31
(SQL query count) 1 AT 2018.10.02 23:29:31
(PHP ERR) Undefined offset: 0 G:\server\OSPanel\domains\mag3-master\fw\kernel\DBIO.php in line 219 AT 2018.10.02 23:29:31

(Sys) Time of generate page: 0.015001058578491 AT 2018.10.02 23:29:32
(SQL query count) 1 AT 2018.10.02 23:29:32
(PHP ERR) Undefined offset: 0 G:\server\OSPanel\domains\mag3-master\fw\kernel\DBIO.php in line 219 AT 2018.10.02 23:29:32

(Sys) Time of generate page: 0.015000820159912 AT 2018.10.02 23:29:32
(SQL query count) 1 AT 2018.10.02 23:29:32
(PHP ERR) Undefined offset: 0 G:\server\OSPanel\domains\mag3-master\fw\kernel\DBIO.php in line 219 AT 2018.10.02 23:29:32

(Sys) Time of generate page: 0.01400089263916 AT 2018.10.02 23:29:32
(SQL query count) 1 AT 2018.10.02 23:29:32
(PHP ERR) Undefined offset: 0 G:\server\OSPanel\domains\mag3-master\fw\kernel\DBIO.php in line 219 AT 2018.10.02 23:29:32

(Sys) Time of generate page: 0.015001058578491 AT 2018.10.02 23:29:32
(SQL query count) 1 AT 2018.10.02 23:29:32
(PHP ERR) Undefined offset: 0 G:\server\OSPanel\domains\mag3-master\fw\kernel\DBIO.php in line 219 AT 2018.10.02 23:29:32

(Sys) Time of generate page: 0.015000820159912 AT 2018.10.02 23:29:32
(SQL query count) 1 AT 2018.10.02 23:29:32
(PHP ERR) Undefined offset: 0 G:\server\OSPanel\domains\mag3-master\fw\kernel\DBIO.php in line 219 AT 2018.10.02 23:29:32

(Sys) Time of generate page: 0.015001058578491 AT 2018.10.02 23:29:33
(SQL query count) 1 AT 2018.10.02 23:29:33
(PHP ERR) Undefined offset: 0 G:\server\OSPanel\domains\mag3-master\fw\kernel\DBIO.php in line 219 AT 2018.10.02 23:29:33

(Sys) Time of generate page: 0.027002096176147 AT 2018.10.02 23:29:51
(SQL query count) 0 AT 2018.10.02 23:29:51
(PHP ERR) Undefined index: s G:\server\OSPanel\domains\mag3-master\resources\view\admin\profile_page.php in line 14 AT 2018.10.02 23:29:51

(Sys) Time of generate page: 0.021002054214478 AT 2018.10.02 23:29:53
(SQL query count) 3 AT 2018.10.02 23:29:53
(PHP ERR) Invalid argument supplied for foreach() G:\server\OSPanel\domains\mag3-master\resources\view\admin\profile_page.php in line 61 AT 2018.10.02 23:29:53

(Sys) Time of generate page: 1.1200640201569 AT 2018.10.02 23:30:33
(SQL query count) 20 AT 2018.10.02 23:30:33
(PHP ERR) Undefined offset: 2 G:\server\OSPanel\domains\mag3-master\resources\view\attract\layouts\blocks\blog-articles.php in line 40 AT 2018.10.02 23:30:33

(Sys) Time of generate page: 0.93605399131775 AT 2018.10.02 23:30:34
(SQL query count) 20 AT 2018.10.02 23:30:34
(PHP ERR) Undefined offset: 2 G:\server\OSPanel\domains\mag3-master\resources\view\attract\layouts\blocks\blog-articles.php in line 40 AT 2018.10.02 23:30:34

(Sys) Time of generate page: 0.033002138137817 AT 2018.10.02 23:30:37
(SQL query count) 16 AT 2018.10.02 23:30:37
(PHP ERR) Illegal string offset 'keywords' G:\server\OSPanel\domains\mag3-master\resources\view\attract\layouts\head.php in line 7 AT 2018.10.02 23:30:37

(Sys) Time of generate page: 0.095005035400391 AT 2018.10.02 23:30:43
(SQL query count) 1 AT 2018.10.02 23:30:43
(PHP ERR) Undefined index: city G:\server\OSPanel\domains\mag3-master\fw\kernel\Validator.php in line 35 AT 2018.10.02 23:30:43

(Sys) Time of generate page: 0.014001131057739 AT 2018.10.02 23:30:47
(SQL query count) 0 AT 2018.10.02 23:30:47
(PHP ERR) Undefined variable: comment G:\server\OSPanel\domains\mag3-master\resources\view\admin\moderation.php in line 67 AT 2018.10.02 23:30:47

(Sys) Time of generate page: 0.018001079559326 AT 2018.10.02 23:30:48
(SQL query count) 2 AT 2018.10.02 23:30:48
(PHP ERR) Undefined variable: comment G:\server\OSPanel\domains\mag3-master\resources\view\admin\moderation.php in line 67 AT 2018.10.02 23:30:48

(Sys) Time of generate page: 0.031001806259155 AT 2018.10.02 23:30:50
(SQL query count) 8 AT 2018.10.02 23:30:50
(PHP ERR) Undefined index: meta_value G:\server\OSPanel\domains\mag3-master\fw\kernel\Validator.php in line 35 AT 2018.10.02 23:30:50

(Sys) Time of generate page: 0.017001152038574 AT 2018.10.02 23:30:50
(SQL query count) 1 AT 2018.10.02 23:30:50
(PHP ERR) Undefined variable: comment G:\server\OSPanel\domains\mag3-master\resources\view\admin\moderation.php in line 67 AT 2018.10.02 23:30:50