

(Sys) Time of generate page: 1.4420831203461 AT 2018.10.01 5:16:42
(SQL query count) 22 AT 2018.10.01 5:16:42
(PHP ERR) call_user_func() expects parameter 1 to be a valid callback, non-static method MetaController::getSocialLinksMeta() should not be called statically G:\server\OSPanel\domains\rating-engine\fw\kernel\Components.php in line 135 AT 2018.10.01 5:16:42
(Log clear) fw/log//2018.09.26_268.log AT 2018.10.01 5:16:42
(Log clear) fw/log//2018.09.27_269.log AT 2018.10.01 5:16:42

(Sys) Time of generate page: 0.38302206993103 AT 2018.10.01 5:16:50
(SQL query count) 17 AT 2018.10.01 5:16:50
(PHP ERR) call_user_func() expects parameter 1 to be a valid callback, non-static method MetaController::getSocialLinksMeta() should not be called statically G:\server\OSPanel\domains\rating-engine\fw\kernel\Components.php in line 135 AT 2018.10.01 5:16:50

(Sys) Time of generate page: 0.036001920700073 AT 2018.10.01 5:16:53
(SQL query count) 7 AT 2018.10.01 5:16:53
(PHP ERR) call_user_func() expects parameter 1 to be a valid callback, non-static method MetaController::getSocialLinksMeta() should not be called statically G:\server\OSPanel\domains\rating-engine\fw\kernel\Components.php in line 135 AT 2018.10.01 5:16:53

(Sys) Time of generate page: 0.094005107879639 AT 2018.10.01 5:16:54
(SQL query count) 32 AT 2018.10.01 5:16:54
(PHP ERR) Undefined offset: 0 G:\server\OSPanel\domains\rating-engine\fw\kernel\DBIO.php in line 219 AT 2018.10.01 5:16:54

(Sys) Time of generate page: 0.035001993179321 AT 2018.10.01 5:16:54
(SQL query count) 1 AT 2018.10.01 5:16:54

(Sys) Time of generate page: 0.028002023696899 AT 2018.10.01 5:16:54
(SQL query count) 1 AT 2018.10.01 5:16:54

(Sys) Time of generate page: 0.01400089263916 AT 2018.10.01 5:16:54
(SQL query count) 1 AT 2018.10.01 5:16:54

(Sys) Time of generate page: 0.01400089263916 AT 2018.10.01 5:16:54
(SQL query count) 1 AT 2018.10.01 5:16:54

(Sys) Time of generate page: 0.016000986099243 AT 2018.10.01 5:16:54
(SQL query count) 1 AT 2018.10.01 5:16:54

(Sys) Time of generate page: 0.015000104904175 AT 2018.10.01 5:16:54
(SQL query count) 1 AT 2018.10.01 5:16:54

(Sys) Time of generate page: 0.015000820159912 AT 2018.10.01 5:16:54
(SQL query count) 1 AT 2018.10.01 5:16:54

(Sys) Time of generate page: 0.01400089263916 AT 2018.10.01 5:16:54
(SQL query count) 1 AT 2018.10.01 5:16:54
(PHP ERR) Undefined offset: 0 G:\server\OSPanel\domains\rating-engine\fw\kernel\DBIO.php in line 219 AT 2018.10.01 5:16:54

(Sys) Time of generate page: 0.023000955581665 AT 2018.10.01 5:16:54
(SQL query count) 1 AT 2018.10.01 5:16:54

(Sys) Time of generate page: 0.013999938964844 AT 2018.10.01 5:16:54
(SQL query count) 1 AT 2018.10.01 5:16:54

(Sys) Time of generate page: 0.013999938964844 AT 2018.10.01 5:16:54
(SQL query count) 1 AT 2018.10.01 5:16:54

(Sys) Time of generate page: 0.015001058578491 AT 2018.10.01 5:16:54
(SQL query count) 1 AT 2018.10.01 5:16:54

(Sys) Time of generate page: 0.015001058578491 AT 2018.10.01 5:16:54
(SQL query count) 1 AT 2018.10.01 5:16:54

(Sys) Time of generate page: 0.030002117156982 AT 2018.10.01 5:16:54
(SQL query count) 1 AT 2018.10.01 5:16:54

(Sys) Time of generate page: 0.01400089263916 AT 2018.10.01 5:16:54
(SQL query count) 1 AT 2018.10.01 5:16:54

(Sys) Time of generate page: 0.019001007080078 AT 2018.10.01 5:16:54
(SQL query count) 7 AT 2018.10.01 5:16:54
(PHP ERR) call_user_func() expects parameter 1 to be a valid callback, non-static method MetaController::getSocialLinksMeta() should not be called statically G:\server\OSPanel\domains\rating-engine\fw\kernel\Components.php in line 135 AT 2018.10.01 5:16:54

(Sys) Time of generate page: 0.019001007080078 AT 2018.10.01 5:16:54
(SQL query count) 7 AT 2018.10.01 5:16:54
(PHP ERR) call_user_func() expects parameter 1 to be a valid callback, non-static method MetaController::getSocialLinksMeta() should not be called statically G:\server\OSPanel\domains\rating-engine\fw\kernel\Components.php in line 135 AT 2018.10.01 5:16:54

(Sys) Time of generate page: 0.039002895355225 AT 2018.10.01 5:16:54
(SQL query count) 7 AT 2018.10.01 5:16:54
(PHP ERR) call_user_func() expects parameter 1 to be a valid callback, non-static method MetaController::getSocialLinksMeta() should not be called statically G:\server\OSPanel\domains\rating-engine\fw\kernel\Components.php in line 135 AT 2018.10.01 5:16:54

(Sys) Time of generate page: 0.018001079559326 AT 2018.10.01 5:16:54
(SQL query count) 7 AT 2018.10.01 5:16:54
(PHP ERR) call_user_func() expects parameter 1 to be a valid callback, non-static method MetaController::getSocialLinksMeta() should not be called statically G:\server\OSPanel\domains\rating-engine\fw\kernel\Components.php in line 135 AT 2018.10.01 5:16:54

(Sys) Time of generate page: 0.019001007080078 AT 2018.10.01 5:16:54
(SQL query count) 7 AT 2018.10.01 5:16:54
(PHP ERR) call_user_func() expects parameter 1 to be a valid callback, non-static method MetaController::getSocialLinksMeta() should not be called statically G:\server\OSPanel\domains\rating-engine\fw\kernel\Components.php in line 135 AT 2018.10.01 5:16:54

(Sys) Time of generate page: 0.018001079559326 AT 2018.10.01 5:16:54
(SQL query count) 7 AT 2018.10.01 5:16:54
(PHP ERR) call_user_func() expects parameter 1 to be a valid callback, non-static method MetaController::getSocialLinksMeta() should not be called statically G:\server\OSPanel\domains\rating-engine\fw\kernel\Components.php in line 135 AT 2018.10.01 5:16:54

(Sys) Time of generate page: 0.017000913619995 AT 2018.10.01 5:16:54
(SQL query count) 7 AT 2018.10.01 5:16:54
(PHP ERR) call_user_func() expects parameter 1 to be a valid callback, non-static method MetaController::getSocialLinksMeta() should not be called statically G:\server\OSPanel\domains\rating-engine\fw\kernel\Components.php in line 135 AT 2018.10.01 5:16:54

(Sys) Time of generate page: 0.018000841140747 AT 2018.10.01 5:16:54
(SQL query count) 7 AT 2018.10.01 5:16:54
(PHP ERR) call_user_func() expects parameter 1 to be a valid callback, non-static method MetaController::getSocialLinksMeta() should not be called statically G:\server\OSPanel\domains\rating-engine\fw\kernel\Components.php in line 135 AT 2018.10.01 5:16:54

(Sys) Time of generate page: 0.018000841140747 AT 2018.10.01 5:16:54
(SQL query count) 7 AT 2018.10.01 5:16:54
(PHP ERR) call_user_func() expects parameter 1 to be a valid callback, non-static method MetaController::getSocialLinksMeta() should not be called statically G:\server\OSPanel\domains\rating-engine\fw\kernel\Components.php in line 135 AT 2018.10.01 5:16:54

(Sys) Time of generate page: 0.018001079559326 AT 2018.10.01 5:16:54
(SQL query count) 7 AT 2018.10.01 5:16:54
(PHP ERR) call_user_func() expects parameter 1 to be a valid callback, non-static method MetaController::getSocialLinksMeta() should not be called statically G:\server\OSPanel\domains\rating-engine\fw\kernel\Components.php in line 135 AT 2018.10.01 5:16:54

(Sys) Time of generate page: 0.018001079559326 AT 2018.10.01 5:16:54
(SQL query count) 7 AT 2018.10.01 5:16:54
(PHP ERR) call_user_func() expects parameter 1 to be a valid callback, non-static method MetaController::getSocialLinksMeta() should not be called statically G:\server\OSPanel\domains\rating-engine\fw\kernel\Components.php in line 135 AT 2018.10.01 5:16:54

(Sys) Time of generate page: 0.018001079559326 AT 2018.10.01 5:16:54
(SQL query count) 7 AT 2018.10.01 5:16:54
(PHP ERR) call_user_func() expects parameter 1 to be a valid callback, non-static method MetaController::getSocialLinksMeta() should not be called statically G:\server\OSPanel\domains\rating-engine\fw\kernel\Components.php in line 135 AT 2018.10.01 5:16:54

(Sys) Time of generate page: 0.018000841140747 AT 2018.10.01 5:16:54
(SQL query count) 7 AT 2018.10.01 5:16:54
(PHP ERR) call_user_func() expects parameter 1 to be a valid callback, non-static method MetaController::getSocialLinksMeta() should not be called statically G:\server\OSPanel\domains\rating-engine\fw\kernel\Components.php in line 135 AT 2018.10.01 5:16:54

(Sys) Time of generate page: 0.018000841140747 AT 2018.10.01 5:16:54
(SQL query count) 7 AT 2018.10.01 5:16:54
(PHP ERR) call_user_func() expects parameter 1 to be a valid callback, non-static method MetaController::getSocialLinksMeta() should not be called statically G:\server\OSPanel\domains\rating-engine\fw\kernel\Components.php in line 135 AT 2018.10.01 5:16:54

(Sys) Time of generate page: 0.018000841140747 AT 2018.10.01 5:16:55
(SQL query count) 7 AT 2018.10.01 5:16:55
(PHP ERR) call_user_func() expects parameter 1 to be a valid callback, non-static method MetaController::getSocialLinksMeta() should not be called statically G:\server\OSPanel\domains\rating-engine\fw\kernel\Components.php in line 135 AT 2018.10.01 5:16:55

(Sys) Time of generate page: 0.018000841140747 AT 2018.10.01 5:16:55
(SQL query count) 7 AT 2018.10.01 5:16:55
(PHP ERR) call_user_func() expects parameter 1 to be a valid callback, non-static method MetaController::getSocialLinksMeta() should not be called statically G:\server\OSPanel\domains\rating-engine\fw\kernel\Components.php in line 135 AT 2018.10.01 5:16:55

(Sys) Time of generate page: 0.019001007080078 AT 2018.10.01 5:16:55
(SQL query count) 7 AT 2018.10.01 5:16:55
(PHP ERR) call_user_func() expects parameter 1 to be a valid callback, non-static method MetaController::getSocialLinksMeta() should not be called statically G:\server\OSPanel\domains\rating-engine\fw\kernel\Components.php in line 135 AT 2018.10.01 5:16:55

(Sys) Time of generate page: 0.018001079559326 AT 2018.10.01 5:16:55
(SQL query count) 7 AT 2018.10.01 5:16:55
(PHP ERR) call_user_func() expects parameter 1 to be a valid callback, non-static method MetaController::getSocialLinksMeta() should not be called statically G:\server\OSPanel\domains\rating-engine\fw\kernel\Components.php in line 135 AT 2018.10.01 5:16:55

(Sys) Time of generate page: 0.018001079559326 AT 2018.10.01 5:16:55
(SQL query count) 7 AT 2018.10.01 5:16:55
(PHP ERR) call_user_func() expects parameter 1 to be a valid callback, non-static method MetaController::getSocialLinksMeta() should not be called statically G:\server\OSPanel\domains\rating-engine\fw\kernel\Components.php in line 135 AT 2018.10.01 5:16:55

(Sys) Time of generate page: 0.018001079559326 AT 2018.10.01 5:16:55
(SQL query count) 7 AT 2018.10.01 5:16:55
(PHP ERR) call_user_func() expects parameter 1 to be a valid callback, non-static method MetaController::getSocialLinksMeta() should not be called statically G:\server\OSPanel\domains\rating-engine\fw\kernel\Components.php in line 135 AT 2018.10.01 5:16:55

(Sys) Time of generate page: 0.018000841140747 AT 2018.10.01 5:16:55
(SQL query count) 7 AT 2018.10.01 5:16:55
(PHP ERR) call_user_func() expects parameter 1 to be a valid callback, non-static method MetaController::getSocialLinksMeta() should not be called statically G:\server\OSPanel\domains\rating-engine\fw\kernel\Components.php in line 135 AT 2018.10.01 5:16:55

(Sys) Time of generate page: 0.018001079559326 AT 2018.10.01 5:16:55
(SQL query count) 7 AT 2018.10.01 5:16:55
(PHP ERR) call_user_func() expects parameter 1 to be a valid callback, non-static method MetaController::getSocialLinksMeta() should not be called statically G:\server\OSPanel\domains\rating-engine\fw\kernel\Components.php in line 135 AT 2018.10.01 5:16:55

(Sys) Time of generate page: 0.019001007080078 AT 2018.10.01 5:16:55
(SQL query count) 7 AT 2018.10.01 5:16:55
(PHP ERR) call_user_func() expects parameter 1 to be a valid callback, non-static method MetaController::getSocialLinksMeta() should not be called statically G:\server\OSPanel\domains\rating-engine\fw\kernel\Components.php in line 135 AT 2018.10.01 5:16:55

(Sys) Time of generate page: 0.018000841140747 AT 2018.10.01 5:16:55
(SQL query count) 7 AT 2018.10.01 5:16:55
(PHP ERR) call_user_func() expects parameter 1 to be a valid callback, non-static method MetaController::getSocialLinksMeta() should not be called statically G:\server\OSPanel\domains\rating-engine\fw\kernel\Components.php in line 135 AT 2018.10.01 5:16:55

(Sys) Time of generate page: 0.018000841140747 AT 2018.10.01 5:16:55
(SQL query count) 7 AT 2018.10.01 5:16:55
(PHP ERR) call_user_func() expects parameter 1 to be a valid callback, non-static method MetaController::getSocialLinksMeta() should not be called statically G:\server\OSPanel\domains\rating-engine\fw\kernel\Components.php in line 135 AT 2018.10.01 5:16:55

(Sys) Time of generate page: 0.018002033233643 AT 2018.10.01 5:16:55
(SQL query count) 7 AT 2018.10.01 5:16:55
(PHP ERR) call_user_func() expects parameter 1 to be a valid callback, non-static method MetaController::getSocialLinksMeta() should not be called statically G:\server\OSPanel\domains\rating-engine\fw\kernel\Components.php in line 135 AT 2018.10.01 5:16:55

(Sys) Time of generate page: 0.018001079559326 AT 2018.10.01 5:16:55
(SQL query count) 7 AT 2018.10.01 5:16:55
(PHP ERR) call_user_func() expects parameter 1 to be a valid callback, non-static method MetaController::getSocialLinksMeta() should not be called statically G:\server\OSPanel\domains\rating-engine\fw\kernel\Components.php in line 135 AT 2018.10.01 5:16:55

(Sys) Time of generate page: 0.018000841140747 AT 2018.10.01 5:16:55
(SQL query count) 7 AT 2018.10.01 5:16:55
(PHP ERR) call_user_func() expects parameter 1 to be a valid callback, non-static method MetaController::getSocialLinksMeta() should not be called statically G:\server\OSPanel\domains\rating-engine\fw\kernel\Components.php in line 135 AT 2018.10.01 5:16:55

(Sys) Time of generate page: 0.018002033233643 AT 2018.10.01 5:16:55
(SQL query count) 7 AT 2018.10.01 5:16:55
(PHP ERR) call_user_func() expects parameter 1 to be a valid callback, non-static method MetaController::getSocialLinksMeta() should not be called statically G:\server\OSPanel\domains\rating-engine\fw\kernel\Components.php in line 135 AT 2018.10.01 5:16:55

(Sys) Time of generate page: 0.017001152038574 AT 2018.10.01 5:16:55
(SQL query count) 7 AT 2018.10.01 5:16:55
(PHP ERR) call_user_func() expects parameter 1 to be a valid callback, non-static method MetaController::getSocialLinksMeta() should not be called statically G:\server\OSPanel\domains\rating-engine\fw\kernel\Components.php in line 135 AT 2018.10.01 5:16:55

(Sys) Time of generate page: 0.018001079559326 AT 2018.10.01 5:16:55
(SQL query count) 7 AT 2018.10.01 5:16:55
(PHP ERR) call_user_func() expects parameter 1 to be a valid callback, non-static method MetaController::getSocialLinksMeta() should not be called statically G:\server\OSPanel\domains\rating-engine\fw\kernel\Components.php in line 135 AT 2018.10.01 5:16:55

(Sys) Time of generate page: 0.018001079559326 AT 2018.10.01 5:16:55
(SQL query count) 7 AT 2018.10.01 5:16:55
(PHP ERR) call_user_func() expects parameter 1 to be a valid callback, non-static method MetaController::getSocialLinksMeta() should not be called statically G:\server\OSPanel\domains\rating-engine\fw\kernel\Components.php in line 135 AT 2018.10.01 5:16:55

(Sys) Time of generate page: 0.018001079559326 AT 2018.10.01 5:16:55
(SQL query count) 7 AT 2018.10.01 5:16:55
(PHP ERR) call_user_func() expects parameter 1 to be a valid callback, non-static method MetaController::getSocialLinksMeta() should not be called statically G:\server\OSPanel\domains\rating-engine\fw\kernel\Components.php in line 135 AT 2018.10.01 5:16:55

(Sys) Time of generate page: 0.018000841140747 AT 2018.10.01 5:16:55
(SQL query count) 7 AT 2018.10.01 5:16:55
(PHP ERR) call_user_func() expects parameter 1 to be a valid callback, non-static method MetaController::getSocialLinksMeta() should not be called statically G:\server\OSPanel\domains\rating-engine\fw\kernel\Components.php in line 135 AT 2018.10.01 5:16:55

(Sys) Time of generate page: 0.018001079559326 AT 2018.10.01 5:16:55
(SQL query count) 7 AT 2018.10.01 5:16:55
(PHP ERR) call_user_func() expects parameter 1 to be a valid callback, non-static method MetaController::getSocialLinksMeta() should not be called statically G:\server\OSPanel\domains\rating-engine\fw\kernel\Components.php in line 135 AT 2018.10.01 5:16:55

(Sys) Time of generate page: 0.018002033233643 AT 2018.10.01 5:16:55
(SQL query count) 7 AT 2018.10.01 5:16:55
(PHP ERR) call_user_func() expects parameter 1 to be a valid callback, non-static method MetaController::getSocialLinksMeta() should not be called statically G:\server\OSPanel\domains\rating-engine\fw\kernel\Components.php in line 135 AT 2018.10.01 5:16:55

(Sys) Time of generate page: 0.017000913619995 AT 2018.10.01 5:16:55
(SQL query count) 7 AT 2018.10.01 5:16:55
(PHP ERR) call_user_func() expects parameter 1 to be a valid callback, non-static method MetaController::getSocialLinksMeta() should not be called statically G:\server\OSPanel\domains\rating-engine\fw\kernel\Components.php in line 135 AT 2018.10.01 5:16:55

(Sys) Time of generate page: 0.018000841140747 AT 2018.10.01 5:16:55
(SQL query count) 7 AT 2018.10.01 5:16:55
(PHP ERR) call_user_func() expects parameter 1 to be a valid callback, non-static method MetaController::getSocialLinksMeta() should not be called statically G:\server\OSPanel\domains\rating-engine\fw\kernel\Components.php in line 135 AT 2018.10.01 5:16:55

(Sys) Time of generate page: 0.018000841140747 AT 2018.10.01 5:16:55
(SQL query count) 7 AT 2018.10.01 5:16:55
(PHP ERR) call_user_func() expects parameter 1 to be a valid callback, non-static method MetaController::getSocialLinksMeta() should not be called statically G:\server\OSPanel\domains\rating-engine\fw\kernel\Components.php in line 135 AT 2018.10.01 5:16:55

(Sys) Time of generate page: 0.018001079559326 AT 2018.10.01 5:16:55
(SQL query count) 7 AT 2018.10.01 5:16:55
(PHP ERR) call_user_func() expects parameter 1 to be a valid callback, non-static method MetaController::getSocialLinksMeta() should not be called statically G:\server\OSPanel\domains\rating-engine\fw\kernel\Components.php in line 135 AT 2018.10.01 5:16:55

(Sys) Time of generate page: 0.018001079559326 AT 2018.10.01 5:16:55
(SQL query count) 7 AT 2018.10.01 5:16:55
(PHP ERR) call_user_func() expects parameter 1 to be a valid callback, non-static method MetaController::getSocialLinksMeta() should not be called statically G:\server\OSPanel\domains\rating-engine\fw\kernel\Components.php in line 135 AT 2018.10.01 5:16:55

(Sys) Time of generate page: 0.017001152038574 AT 2018.10.01 5:16:55
(SQL query count) 7 AT 2018.10.01 5:16:55
(PHP ERR) call_user_func() expects parameter 1 to be a valid callback, non-static method MetaController::getSocialLinksMeta() should not be called statically G:\server\OSPanel\domains\rating-engine\fw\kernel\Components.php in line 135 AT 2018.10.01 5:16:55

(Sys) Time of generate page: 0.018001079559326 AT 2018.10.01 5:16:55
(SQL query count) 7 AT 2018.10.01 5:16:55
(PHP ERR) call_user_func() expects parameter 1 to be a valid callback, non-static method MetaController::getSocialLinksMeta() should not be called statically G:\server\OSPanel\domains\rating-engine\fw\kernel\Components.php in line 135 AT 2018.10.01 5:16:55

(Sys) Time of generate page: 0.018001079559326 AT 2018.10.01 5:16:55
(SQL query count) 7 AT 2018.10.01 5:16:55
(PHP ERR) call_user_func() expects parameter 1 to be a valid callback, non-static method MetaController::getSocialLinksMeta() should not be called statically G:\server\OSPanel\domains\rating-engine\fw\kernel\Components.php in line 135 AT 2018.10.01 5:16:55

(Sys) Time of generate page: 0.018001079559326 AT 2018.10.01 5:16:55
(SQL query count) 7 AT 2018.10.01 5:16:55
(PHP ERR) call_user_func() expects parameter 1 to be a valid callback, non-static method MetaController::getSocialLinksMeta() should not be called statically G:\server\OSPanel\domains\rating-engine\fw\kernel\Components.php in line 135 AT 2018.10.01 5:16:55

(Sys) Time of generate page: 0.018001079559326 AT 2018.10.01 5:16:55
(SQL query count) 7 AT 2018.10.01 5:16:55
(PHP ERR) call_user_func() expects parameter 1 to be a valid callback, non-static method MetaController::getSocialLinksMeta() should not be called statically G:\server\OSPanel\domains\rating-engine\fw\kernel\Components.php in line 135 AT 2018.10.01 5:16:55

(Sys) Time of generate page: 0.018001079559326 AT 2018.10.01 5:16:55
(SQL query count) 7 AT 2018.10.01 5:16:55
(PHP ERR) call_user_func() expects parameter 1 to be a valid callback, non-static method MetaController::getSocialLinksMeta() should not be called statically G:\server\OSPanel\domains\rating-engine\fw\kernel\Components.php in line 135 AT 2018.10.01 5:16:55

(Sys) Time of generate page: 0.16400909423828 AT 2018.10.01 5:16:55
(SQL query count) 20 AT 2018.10.01 5:16:55
(PHP ERR) call_user_func() expects parameter 1 to be a valid callback, non-static method MetaController::getSocialLinksMeta() should not be called statically G:\server\OSPanel\domains\rating-engine\fw\kernel\Components.php in line 135 AT 2018.10.01 5:16:55

(Sys) Time of generate page: 0.16300892829895 AT 2018.10.01 5:16:55
(SQL query count) 7 AT 2018.10.01 5:16:55
(PHP ERR) call_user_func() expects parameter 1 to be a valid callback, non-static method MetaController::getSocialLinksMeta() should not be called statically G:\server\OSPanel\domains\rating-engine\fw\kernel\Components.php in line 135 AT 2018.10.01 5:16:55

(Sys) Time of generate page: 0.79404497146606 AT 2018.10.01 5:17:09
(SQL query count) 22 AT 2018.10.01 5:17:09
(PHP ERR) call_user_func() expects parameter 1 to be a valid callback, non-static method MetaController::getSocialLinksMeta() should not be called statically G:\server\OSPanel\domains\rating-engine\fw\kernel\Components.php in line 135 AT 2018.10.01 5:17:09

(Sys) Time of generate page: 0.55603194236755 AT 2018.10.01 5:17:24
(SQL query count) 22 AT 2018.10.01 5:17:24
(PHP ERR) call_user_func() expects parameter 1 to be a valid callback, non-static method MetaController::getSocialLinksMeta() should not be called statically G:\server\OSPanel\domains\rating-engine\fw\kernel\Components.php in line 135 AT 2018.10.01 5:17:24

(Sys) Time of generate page: 0.89605116844177 AT 2018.10.01 5:17:35
(SQL query count) 22 AT 2018.10.01 5:17:35
(PHP ERR) call_user_func() expects parameter 1 to be a valid callback, non-static method MetaController::getSocialLinksMeta() should not be called statically G:\server\OSPanel\domains\rating-engine\fw\kernel\Components.php in line 135 AT 2018.10.01 5:17:35

(Sys) Time of generate page: 0.60303401947021 AT 2018.10.01 5:17:56
(SQL query count) 22 AT 2018.10.01 5:17:56
(PHP ERR) call_user_func() expects parameter 1 to be a valid callback, non-static method MetaController::getSocialLinksMeta() should not be called statically G:\server\OSPanel\domains\rating-engine\fw\kernel\Components.php in line 135 AT 2018.10.01 5:17:56

(Sys) Time of generate page: 0.57903409004211 AT 2018.10.01 5:18:00
(SQL query count) 22 AT 2018.10.01 5:18:00
(PHP ERR) call_user_func() expects parameter 1 to be a valid callback, non-static method MetaController::getSocialLinksMeta() should not be called statically G:\server\OSPanel\domains\rating-engine\fw\kernel\Components.php in line 135 AT 2018.10.01 5:18:00

(Sys) Time of generate page: 0.57003211975098 AT 2018.10.01 5:18:03
(SQL query count) 22 AT 2018.10.01 5:18:03
(PHP ERR) call_user_func() expects parameter 1 to be a valid callback, non-static method MetaController::getSocialLinksMeta() should not be called statically G:\server\OSPanel\domains\rating-engine\fw\kernel\Components.php in line 135 AT 2018.10.01 5:18:03

(Sys) Time of generate page: 0.58403301239014 AT 2018.10.01 5:18:18
(SQL query count) 22 AT 2018.10.01 5:18:18
(PHP ERR) call_user_func() expects parameter 1 to be a valid callback, non-static method MetaController::getSocialLinksMeta() should not be called statically G:\server\OSPanel\domains\rating-engine\fw\kernel\Components.php in line 135 AT 2018.10.01 5:18:18

(Sys) Time of generate page: 0.56103205680847 AT 2018.10.01 5:18:21
(SQL query count) 22 AT 2018.10.01 5:18:21
(PHP ERR) call_user_func() expects parameter 1 to be a valid callback, non-static method MetaController::getSocialLinksMeta() should not be called statically G:\server\OSPanel\domains\rating-engine\fw\kernel\Components.php in line 135 AT 2018.10.01 5:18:21

(Sys) Time of generate page: 0.60203504562378 AT 2018.10.01 5:18:33
(SQL query count) 22 AT 2018.10.01 5:18:33
(PHP ERR) call_user_func() expects parameter 1 to be a valid callback, non-static method MetaController::getSocialLinksMeta() should not be called statically G:\server\OSPanel\domains\rating-engine\fw\kernel\Components.php in line 135 AT 2018.10.01 5:18:33

(Sys) Time of generate page: 0.57203316688538 AT 2018.10.01 5:20:26
(SQL query count) 22 AT 2018.10.01 5:20:26
(PHP ERR) call_user_func() expects parameter 1 to be a valid callback, non-static method MetaController::getSocialLinksMeta() should not be called statically G:\server\OSPanel\domains\rating-engine\fw\kernel\Components.php in line 135 AT 2018.10.01 5:20:26

(Sys) Time of generate page: 0.019001007080078 AT 2018.10.01 14:48:00
(SQL query count) 0 AT 2018.10.01 14:48:00
(PHP ERR) Undefined index: admin G:\server\OSPanel\domains\mag3-master\fw\kernel\Sess.php in line 14 AT 2018.10.01 14:48:00

(Sys) Time of generate page: 0.02000093460083 AT 2018.10.01 14:48:02
(SQL query count) 0 AT 2018.10.01 14:48:02
(PHP ERR) Undefined index: admin G:\server\OSPanel\domains\mag3-master\fw\kernel\Sess.php in line 14 AT 2018.10.01 14:48:02

(Maker) Set migration 'APIAuth' AT 2018.10.01 14:48:06
(Maker) Set migration 'Cats' AT 2018.10.01 14:48:06
(Maker) Set migration 'Comment' AT 2018.10.01 14:48:06
(Maker) Set migration 'Meta' AT 2018.10.01 14:48:06
(Maker) Set migration 'Number' AT 2018.10.01 14:48:07
(Maker) Set migration 'Profile' AT 2018.10.01 14:48:07
(Maker) Set migration 'Review' AT 2018.10.01 14:48:07
(Maker) Set migration 'Site' AT 2018.10.01 14:48:07
(Maker) Set migration 'Tag' AT 2018.10.01 14:48:07
(Maker) Set migration 'Tag_profile' AT 2018.10.01 14:48:08
(CoreTemplate::create()) Template 'app/sets/APIAuth.php' was generated AT 2018.10.01 14:48:06
(CoreTemplate::create()) Template 'app/sets/Cats.php' was generated AT 2018.10.01 14:48:06
(CoreTemplate::create()) Template 'app/sets/Comment.php' was generated AT 2018.10.01 14:48:06
(CoreTemplate::create()) Template 'app/sets/Meta.php' was generated AT 2018.10.01 14:48:06
(CoreTemplate::create()) Template 'app/sets/Number.php' was generated AT 2018.10.01 14:48:07
(CoreTemplate::create()) Template 'app/sets/Profile.php' was generated AT 2018.10.01 14:48:07
(CoreTemplate::create()) Template 'app/sets/Review.php' was generated AT 2018.10.01 14:48:07
(CoreTemplate::create()) Template 'app/sets/Site.php' was generated AT 2018.10.01 14:48:07
(CoreTemplate::create()) Template 'app/sets/Tag.php' was generated AT 2018.10.01 14:48:07
(CoreTemplate::create()) Template 'app/sets/Tag_profile.php' was generated AT 2018.10.01 14:48:08
(Sys) Time of generate page: 1.9281098842621 AT 2018.10.01 14:48:08
(SQL query count) 20 AT 2018.10.01 14:48:08
(PHP ERR) Undefined index:  G:\server\OSPanel\domains\mag3-master\fw\kernel\DBIO.php in line 236 AT 2018.10.01 14:48:08

(Sys) Time of generate page: 0.028002023696899 AT 2018.10.01 14:49:21
(SQL query count) 28 AT 2018.10.01 14:49:21
(PHP ERR) Cannot modify header information - headers already sent by (output started at G:\server\OSPanel\domains\mag3-master\app\models\Meta.php:51) G:\server\OSPanel\domains\mag3-master\fw\kernel\services\Services.php in line 56 AT 2018.10.01 14:49:21

(Sys) Time of generate page: 0.017000913619995 AT 2018.10.01 14:49:23
(SQL query count) 4 AT 2018.10.01 14:49:23
(PHP ERR) Undefined offset: 0 G:\server\OSPanel\domains\mag3-master\app\models\Site.php in line 25 AT 2018.10.01 14:49:23

(Sys) Time of generate page: 1.250070810318 AT 2018.10.01 14:49:24
(SQL query count) 19 AT 2018.10.01 14:49:24
(PHP ERR) call_user_func() expects parameter 1 to be a valid callback, non-static method MetaController::getSocialLinksMeta() should not be called statically G:\server\OSPanel\domains\mag3-master\fw\kernel\Components.php in line 135 AT 2018.10.01 14:49:24

(Sys) Time of generate page: 0.020001888275146 AT 2018.10.01 14:50:56
(SQL query count) 0 AT 2018.10.01 14:50:56
(PHP ERR) Undefined index: admin G:\server\OSPanel\domains\mag3-master\fw\kernel\Sess.php in line 14 AT 2018.10.01 14:50:56

(Sys) Time of generate page: 0.018001079559326 AT 2018.10.01 14:50:56
(SQL query count) 5 AT 2018.10.01 14:50:56
(PHP ERR) Undefined index: admin G:\server\OSPanel\domains\mag3-master\fw\kernel\Sess.php in line 14 AT 2018.10.01 14:50:56

(Sys) Time of generate page: 0.012001037597656 AT 2018.10.01 14:50:56
(SQL query count) 0 AT 2018.10.01 14:50:56
(PHP ERR) Undefined index: admin G:\server\OSPanel\domains\mag3-master\fw\kernel\Sess.php in line 14 AT 2018.10.01 14:50:56

(Sys) Time of generate page: 0.011999845504761 AT 2018.10.01 14:50:59
(SQL query count) 0 AT 2018.10.01 14:50:59
(PHP ERR) Undefined index: admin G:\server\OSPanel\domains\mag3-master\fw\kernel\Sess.php in line 14 AT 2018.10.01 14:50:59

(Sys) Time of generate page: 0.012001037597656 AT 2018.10.01 14:51:03
(SQL query count) 0 AT 2018.10.01 14:51:03
(PHP ERR) Undefined index: admin G:\server\OSPanel\domains\mag3-master\fw\kernel\Sess.php in line 14 AT 2018.10.01 14:51:03

(Sys) Time of generate page: 0.012001037597656 AT 2018.10.01 14:51:19
(SQL query count) 0 AT 2018.10.01 14:51:19
(PHP ERR) Undefined index: admin G:\server\OSPanel\domains\mag3-master\fw\kernel\Sess.php in line 14 AT 2018.10.01 14:51:19

(Sys) Time of generate page: 0.011000156402588 AT 2018.10.01 14:51:24
(SQL query count) 0 AT 2018.10.01 14:51:24
(PHP ERR) Undefined index: admin G:\server\OSPanel\domains\mag3-master\fw\kernel\Sess.php in line 14 AT 2018.10.01 14:51:24

(Sys) Time of generate page: 0.012001037597656 AT 2018.10.01 14:52:06
(SQL query count) 0 AT 2018.10.01 14:52:06
(PHP ERR) Undefined index: admin G:\server\OSPanel\domains\mag3-master\fw\kernel\Sess.php in line 14 AT 2018.10.01 14:52:06

(Sys) Time of generate page: 0.01200008392334 AT 2018.10.01 14:54:06
(SQL query count) 0 AT 2018.10.01 14:54:06
(PHP ERR) Undefined index: admin G:\server\OSPanel\domains\mag3-master\fw\kernel\Sess.php in line 14 AT 2018.10.01 14:54:06

(Sys) Time of generate page: 0.014000177383423 AT 2018.10.01 14:56:45
(SQL query count) 0 AT 2018.10.01 14:56:45
(PHP ERR) Undefined index: admin G:\server\OSPanel\domains\mag3-master\fw\kernel\Sess.php in line 14 AT 2018.10.01 14:56:45

(Sys) Time of generate page: 0.013000965118408 AT 2018.10.01 15:01:33
(SQL query count) 0 AT 2018.10.01 15:01:33
(PHP ERR) Undefined index: admin G:\server\OSPanel\domains\mag3-master\fw\kernel\Sess.php in line 14 AT 2018.10.01 15:01:33

(Sys) Time of generate page: 0.012001037597656 AT 2018.10.01 15:12:47
(SQL query count) 0 AT 2018.10.01 15:12:47
(PHP ERR) call_user_func() expects parameter 1 to be a valid callback, non-static method indexController::_404() should not be called statically G:\server\OSPanel\domains\mag3-master\fw\kernel\Router.php in line 99 AT 2018.10.01 15:12:47

(Sys) Time of generate page: 1.1090641021729 AT 2018.10.01 15:12:54
(SQL query count) 19 AT 2018.10.01 15:12:54
(PHP ERR) call_user_func() expects parameter 1 to be a valid callback, non-static method MetaController::getSocialLinksMeta() should not be called statically G:\server\OSPanel\domains\mag3-master\fw\kernel\Components.php in line 135 AT 2018.10.01 15:12:54

(Sys) Time of generate page: 0.011000871658325 AT 2018.10.01 15:12:58
(SQL query count) 0 AT 2018.10.01 15:12:58
(PHP ERR) Undefined index: admin G:\server\OSPanel\domains\mag3-master\fw\kernel\Sess.php in line 14 AT 2018.10.01 15:12:58

(Sys) Time of generate page: 0.016000986099243 AT 2018.10.01 15:12:58
(SQL query count) 5 AT 2018.10.01 15:12:58
(PHP ERR) Undefined index: admin G:\server\OSPanel\domains\mag3-master\fw\kernel\Sess.php in line 14 AT 2018.10.01 15:12:58

(Sys) Time of generate page: 0.011000871658325 AT 2018.10.01 15:12:58
(SQL query count) 0 AT 2018.10.01 15:12:58
(PHP ERR) Undefined index: admin G:\server\OSPanel\domains\mag3-master\fw\kernel\Sess.php in line 14 AT 2018.10.01 15:12:58

(Sys) Time of generate page: 0.01200008392334 AT 2018.10.01 15:21:59
(SQL query count) 0 AT 2018.10.01 15:21:59
(PHP ERR) call_user_func() expects parameter 1 to be a valid callback, non-static method indexController::_404() should not be called statically G:\server\OSPanel\domains\mag3-master\fw\kernel\Router.php in line 99 AT 2018.10.01 15:21:59

(Sys) Time of generate page: 0.010999917984009 AT 2018.10.01 15:22:11
(SQL query count) 0 AT 2018.10.01 15:22:11
(PHP ERR) Undefined index: admin G:\server\OSPanel\domains\mag3-master\fw\kernel\Sess.php in line 14 AT 2018.10.01 15:22:11

(Sys) Time of generate page: 0.016000986099243 AT 2018.10.01 15:22:11
(SQL query count) 5 AT 2018.10.01 15:22:11
(PHP ERR) Undefined index: admin G:\server\OSPanel\domains\mag3-master\fw\kernel\Sess.php in line 14 AT 2018.10.01 15:22:11

(Sys) Time of generate page: 0.012001037597656 AT 2018.10.01 15:22:11
(SQL query count) 0 AT 2018.10.01 15:22:11
(PHP ERR) Undefined index: admin G:\server\OSPanel\domains\mag3-master\fw\kernel\Sess.php in line 14 AT 2018.10.01 15:22:11

(Sys) Time of generate page: 0.014999866485596 AT 2018.10.01 15:29:52
(SQL query count) 1 AT 2018.10.01 15:29:52
(PHP ERR) call_user_func() expects parameter 1 to be a valid callback, non-static method indexController::_404() should not be called statically G:\server\OSPanel\domains\mag3-master\fw\kernel\Router.php in line 99 AT 2018.10.01 15:29:52

(Sys) Time of generate page: 0.01200008392334 AT 2018.10.01 15:29:52
(SQL query count) 0 AT 2018.10.01 15:29:52

(Sys) Time of generate page: 0.015000820159912 AT 2018.10.01 15:29:52
(SQL query count) 5 AT 2018.10.01 15:29:52

(Sys) Time of generate page: 0.018001079559326 AT 2018.10.01 15:31:05
(SQL query count) 0 AT 2018.10.01 15:31:05

(Sys) Time of generate page: 0.011001110076904 AT 2018.10.01 15:31:05
(SQL query count) 0 AT 2018.10.01 15:31:05
(PHP ERR) Undefined index: admin G:\server\OSPanel\domains\mag3-master\fw\kernel\Sess.php in line 14 AT 2018.10.01 15:31:05

(Sys) Time of generate page: 0.01200008392334 AT 2018.10.01 15:31:25
(SQL query count) 0 AT 2018.10.01 15:31:25
(PHP ERR) call_user_func() expects parameter 1 to be a valid callback, non-static method indexController::_404() should not be called statically G:\server\OSPanel\domains\mag3-master\fw\kernel\Router.php in line 99 AT 2018.10.01 15:31:25

(Sys) Time of generate page: 0.020001173019409 AT 2018.10.01 15:43:46
(SQL query count) 0 AT 2018.10.01 15:43:46
(PHP ERR) call_user_func() expects parameter 1 to be a valid callback, non-static method indexController::admin_login() should not be called statically G:\server\OSPanel\domains\mag3-master\fw\kernel\Router.php in line 195 AT 2018.10.01 15:43:46

(Sys) Time of generate page: 0.021001100540161 AT 2018.10.01 15:44:01
(SQL query count) 1 AT 2018.10.01 15:44:01
(PHP ERR) call_user_func() expects parameter 1 to be a valid callback, non-static method indexController::admin_login() should not be called statically G:\server\OSPanel\domains\mag3-master\fw\kernel\Router.php in line 195 AT 2018.10.01 15:44:01

(Sys) Time of generate page: 0.011001110076904 AT 2018.10.01 15:44:01
(SQL query count) 0 AT 2018.10.01 15:44:01

(Sys) Time of generate page: 0.016000986099243 AT 2018.10.01 15:44:01
(SQL query count) 5 AT 2018.10.01 15:44:01

(Sys) Time of generate page: 0.023000955581665 AT 2018.10.01 15:44:07
(SQL query count) 1 AT 2018.10.01 15:44:07

(Sys) Time of generate page: 0.024001121520996 AT 2018.10.01 15:46:37
(SQL query count) 1 AT 2018.10.01 15:46:37

(Sys) Time of generate page: 0.024000883102417 AT 2018.10.01 16:08:01
(SQL query count) 1 AT 2018.10.01 16:08:01
(PHP ERR) Invalid argument supplied for foreach() G:\server\OSPanel\domains\mag3-master\resources\view\admin\create-new-profile.php in line 24 AT 2018.10.01 16:08:01

(Sys) Time of generate page: 0.027000904083252 AT 2018.10.01 16:09:06
(SQL query count) 1 AT 2018.10.01 16:09:06
(PHP ERR) Undefined offset: 0 G:\server\OSPanel\domains\mag3-master\fw\kernel\DBIO.php in line 219 AT 2018.10.01 16:09:06

(Sys) Time of generate page: 0.022001981735229 AT 2018.10.01 16:09:14
(SQL query count) 1 AT 2018.10.01 16:09:14
(PHP ERR) Undefined offset: 0 G:\server\OSPanel\domains\mag3-master\fw\kernel\DBIO.php in line 219 AT 2018.10.01 16:09:14

(Sys) Time of generate page: 0.023000955581665 AT 2018.10.01 16:09:44
(SQL query count) 1 AT 2018.10.01 16:09:44
(PHP ERR) Undefined offset: 0 G:\server\OSPanel\domains\mag3-master\fw\kernel\DBIO.php in line 219 AT 2018.10.01 16:09:44

(Sys) Time of generate page: 0.014001131057739 AT 2018.10.01 16:09:57
(SQL query count) 1 AT 2018.10.01 16:09:57
(PHP ERR) Undefined index: title G:\server\OSPanel\domains\mag3-master\fw\kernel\Validator.php in line 35 AT 2018.10.01 16:09:57

(Sys) Time of generate page: 0.015001058578491 AT 2018.10.01 16:09:57
(SQL query count) 1 AT 2018.10.01 16:09:57

(Sys) Time of generate page: 0.01400089263916 AT 2018.10.01 16:09:59
(SQL query count) 1 AT 2018.10.01 16:09:59

(Sys) Time of generate page: 0.016000986099243 AT 2018.10.01 16:10:00
(SQL query count) 1 AT 2018.10.01 16:10:00

(Sys) Time of generate page: 0.016000986099243 AT 2018.10.01 16:10:20
(SQL query count) 1 AT 2018.10.01 16:10:20

(Sys) Time of generate page: 0.018000841140747 AT 2018.10.01 16:10:34
(SQL query count) 1 AT 2018.10.01 16:10:34

(Sys) Time of generate page: 0.021001100540161 AT 2018.10.01 16:20:22
(SQL query count) 0 AT 2018.10.01 16:20:22
(PHP ERR) Undefined index: s G:\server\OSPanel\domains\mag3-master\resources\view\admin\profile_page.php in line 11 AT 2018.10.01 16:20:22

(Sys) Time of generate page: 0.029001951217651 AT 2018.10.01 16:20:26
(SQL query count) 0 AT 2018.10.01 16:20:26
(PHP ERR) Undefined offset: 1 G:\server\OSPanel\domains\mag3-master\app\controllers\ProfileController.php in line 71 AT 2018.10.01 16:20:26

(Sys) Time of generate page: 0.021001100540161 AT 2018.10.01 16:21:08
(SQL query count) 0 AT 2018.10.01 16:21:08
(PHP ERR) Undefined offset: 1 G:\server\OSPanel\domains\mag3-master\app\controllers\ProfileController.php in line 71 AT 2018.10.01 16:21:08

(Sys) Time of generate page: 0.021002054214478 AT 2018.10.01 16:23:32
(SQL query count) 0 AT 2018.10.01 16:23:32
(PHP ERR) Undefined index: s G:\server\OSPanel\domains\mag3-master\resources\view\admin\profile_page.php in line 11 AT 2018.10.01 16:23:32

(Sys) Time of generate page: 0.023000955581665 AT 2018.10.01 16:23:34
(SQL query count) 1 AT 2018.10.01 16:23:34

(Sys) Time of generate page: 0.013000011444092 AT 2018.10.01 16:23:52
(SQL query count) 0 AT 2018.10.01 16:23:52
(PHP ERR) call_user_func() expects parameter 1 to be a valid callback, non-static method indexController::_404() should not be called statically G:\server\OSPanel\domains\mag3-master\fw\kernel\Router.php in line 102 AT 2018.10.01 16:23:52

(Sys) Time of generate page: 0.023000955581665 AT 2018.10.01 16:23:56
(SQL query count) 1 AT 2018.10.01 16:23:56

(Sys) Time of generate page: 0.016000986099243 AT 2018.10.01 16:26:19
(SQL query count) 1 AT 2018.10.01 16:26:19

(Sys) Time of generate page: 1.2960741519928 AT 2018.10.01 16:26:36
(SQL query count) 7 AT 2018.10.01 16:26:36
(PHP ERR) Undefined index: description G:\server\OSPanel\domains\mag3-master\fw\kernel\Validator.php in line 35 AT 2018.10.01 16:26:36

(Sys) Time of generate page: 0.01200008392334 AT 2018.10.01 16:26:36
(SQL query count) 0 AT 2018.10.01 16:26:36

(Sys) Time of generate page: 1.3150749206543 AT 2018.10.01 16:26:50
(SQL query count) 19 AT 2018.10.01 16:26:50
(PHP ERR) call_user_func() expects parameter 1 to be a valid callback, non-static method MetaController::getSocialLinksMeta() should not be called statically G:\server\OSPanel\domains\mag3-master\fw\kernel\Components.php in line 135 AT 2018.10.01 16:26:50

(Sys) Time of generate page: 0.078003883361816 AT 2018.10.01 16:26:52
(SQL query count) 16 AT 2018.10.01 16:26:52
(PHP ERR) call_user_func() expects parameter 1 to be a valid callback, non-static method MetaController::getSocialLinksMeta() should not be called statically G:\server\OSPanel\domains\mag3-master\fw\kernel\Components.php in line 135 AT 2018.10.01 16:26:52

(Sys) Time of generate page: 0.028001070022583 AT 2018.10.01 16:27:20
(SQL query count) 9 AT 2018.10.01 16:27:20
(PHP ERR) Undefined offset: 0 G:\server\OSPanel\domains\mag3-master\app\models\Tag.php in line 16 AT 2018.10.01 16:27:20

(Sys) Time of generate page: 0.040002107620239 AT 2018.10.01 16:37:26
(SQL query count) 6 AT 2018.10.01 16:37:26
(PHP ERR) Cannot modify header information - headers already sent by (output started at G:\server\OSPanel\domains\mag3-master\app\controllers\ProfileController.php:118) G:\server\OSPanel\domains\mag3-master\fw\kernel\services\Services.php in line 56 AT 2018.10.01 16:37:26

(Sys) Time of generate page: 0.021001100540161 AT 2018.10.01 16:37:29
(SQL query count) 6 AT 2018.10.01 16:37:29
(PHP ERR) Cannot modify header information - headers already sent by (output started at G:\server\OSPanel\domains\mag3-master\app\controllers\ProfileController.php:118) G:\server\OSPanel\domains\mag3-master\fw\kernel\services\Services.php in line 56 AT 2018.10.01 16:37:29

(Sys) Time of generate page: 0.023000955581665 AT 2018.10.01 16:37:30
(SQL query count) 6 AT 2018.10.01 16:37:30
(PHP ERR) Cannot modify header information - headers already sent by (output started at G:\server\OSPanel\domains\mag3-master\app\controllers\ProfileController.php:118) G:\server\OSPanel\domains\mag3-master\fw\kernel\services\Services.php in line 56 AT 2018.10.01 16:37:30

(Sys) Time of generate page: 0.022001028060913 AT 2018.10.01 16:37:30
(SQL query count) 6 AT 2018.10.01 16:37:30
(PHP ERR) Cannot modify header information - headers already sent by (output started at G:\server\OSPanel\domains\mag3-master\app\controllers\ProfileController.php:118) G:\server\OSPanel\domains\mag3-master\fw\kernel\services\Services.php in line 56 AT 2018.10.01 16:37:30

(Sys) Time of generate page: 0.029000997543335 AT 2018.10.01 16:38:32
(SQL query count) 6 AT 2018.10.01 16:38:32
(PHP ERR) Undefined offset: 0 G:\server\OSPanel\domains\mag3-master\app\models\Number.php in line 47 AT 2018.10.01 16:38:32

(Sys) Time of generate page: 0.013000965118408 AT 2018.10.01 16:38:32
(SQL query count) 0 AT 2018.10.01 16:38:32
(PHP ERR) Undefined index: s G:\server\OSPanel\domains\mag3-master\resources\view\admin\profile_page.php in line 11 AT 2018.10.01 16:38:32

(Sys) Time of generate page: 0.023000955581665 AT 2018.10.01 16:38:48
(SQL query count) 1 AT 2018.10.01 16:38:48

(Sys) Time of generate page: 0.92505192756653 AT 2018.10.01 16:38:58
(SQL query count) 7 AT 2018.10.01 16:38:58
(PHP ERR) Undefined index: description G:\server\OSPanel\domains\mag3-master\fw\kernel\Validator.php in line 35 AT 2018.10.01 16:38:58

(Sys) Time of generate page: 0.021001100540161 AT 2018.10.01 16:38:58
(SQL query count) 0 AT 2018.10.01 16:38:58

(Sys) Time of generate page: 0.023001909255981 AT 2018.10.01 16:40:13
(SQL query count) 1 AT 2018.10.01 16:40:13

(Sys) Time of generate page: 0.015001058578491 AT 2018.10.01 16:41:28
(SQL query count) 1 AT 2018.10.01 16:41:28

(Sys) Time of generate page: 0.024001121520996 AT 2018.10.01 16:42:26
(SQL query count) 1 AT 2018.10.01 16:42:26

(Sys) Time of generate page: 0.015001058578491 AT 2018.10.01 16:43:58
(SQL query count) 1 AT 2018.10.01 16:43:58

(Sys) Time of generate page: 0.77604508399963 AT 2018.10.01 16:44:12
(SQL query count) 7 AT 2018.10.01 16:44:12
(PHP ERR) Undefined index: description G:\server\OSPanel\domains\mag3-master\fw\kernel\Validator.php in line 35 AT 2018.10.01 16:44:12

(Sys) Time of generate page: 0.0260009765625 AT 2018.10.01 16:44:12
(SQL query count) 9 AT 2018.10.01 16:44:12
(PHP ERR) Undefined offset: 0 G:\server\OSPanel\domains\mag3-master\app\models\Tag.php in line 16 AT 2018.10.01 16:44:12

(Sys) Time of generate page: 0.042001962661743 AT 2018.10.01 16:44:19
(SQL query count) 16 AT 2018.10.01 16:44:19
(PHP ERR) call_user_func() expects parameter 1 to be a valid callback, non-static method MetaController::getSocialLinksMeta() should not be called statically G:\server\OSPanel\domains\mag3-master\fw\kernel\Components.php in line 135 AT 2018.10.01 16:44:19

(Sys) Time of generate page: 0.035001993179321 AT 2018.10.01 16:44:29
(SQL query count) 16 AT 2018.10.01 16:44:29
(PHP ERR) call_user_func() expects parameter 1 to be a valid callback, non-static method MetaController::getSocialLinksMeta() should not be called statically G:\server\OSPanel\domains\mag3-master\fw\kernel\Components.php in line 135 AT 2018.10.01 16:44:29

(Sys) Time of generate page: 0.060003042221069 AT 2018.10.01 16:44:33
(SQL query count) 16 AT 2018.10.01 16:44:33
(PHP ERR) call_user_func() expects parameter 1 to be a valid callback, non-static method MetaController::getSocialLinksMeta() should not be called statically G:\server\OSPanel\domains\mag3-master\fw\kernel\Components.php in line 135 AT 2018.10.01 16:44:33

(Sys) Time of generate page: 0.045002222061157 AT 2018.10.01 16:44:35
(SQL query count) 16 AT 2018.10.01 16:44:35
(PHP ERR) call_user_func() expects parameter 1 to be a valid callback, non-static method MetaController::getSocialLinksMeta() should not be called statically G:\server\OSPanel\domains\mag3-master\fw\kernel\Components.php in line 135 AT 2018.10.01 16:44:35

(Sys) Time of generate page: 8.9565119743347 AT 2018.10.01 16:44:47
(SQL query count) 19 AT 2018.10.01 16:44:47
(PHP ERR) call_user_func() expects parameter 1 to be a valid callback, non-static method MetaController::getSocialLinksMeta() should not be called statically G:\server\OSPanel\domains\mag3-master\fw\kernel\Components.php in line 135 AT 2018.10.01 16:44:47

(Sys) Time of generate page: 0.95105409622192 AT 2018.10.01 16:44:52
(SQL query count) 19 AT 2018.10.01 16:44:52
(PHP ERR) call_user_func() expects parameter 1 to be a valid callback, non-static method MetaController::getSocialLinksMeta() should not be called statically G:\server\OSPanel\domains\mag3-master\fw\kernel\Components.php in line 135 AT 2018.10.01 16:44:52

(Sys) Time of generate page: 0.94505381584167 AT 2018.10.01 16:44:55
(SQL query count) 19 AT 2018.10.01 16:44:55
(PHP ERR) call_user_func() expects parameter 1 to be a valid callback, non-static method MetaController::getSocialLinksMeta() should not be called statically G:\server\OSPanel\domains\mag3-master\fw\kernel\Components.php in line 135 AT 2018.10.01 16:44:55

(Sys) Time of generate page: 0.92405295372009 AT 2018.10.01 16:44:59
(SQL query count) 19 AT 2018.10.01 16:44:59
(PHP ERR) call_user_func() expects parameter 1 to be a valid callback, non-static method MetaController::getSocialLinksMeta() should not be called statically G:\server\OSPanel\domains\mag3-master\fw\kernel\Components.php in line 135 AT 2018.10.01 16:44:59

(Sys) Time of generate page: 0.95305395126343 AT 2018.10.01 16:45:03
(SQL query count) 19 AT 2018.10.01 16:45:03
(PHP ERR) call_user_func() expects parameter 1 to be a valid callback, non-static method MetaController::getSocialLinksMeta() should not be called statically G:\server\OSPanel\domains\mag3-master\fw\kernel\Components.php in line 135 AT 2018.10.01 16:45:03

(Sys) Time of generate page: 0.28801703453064 AT 2018.10.01 16:45:24
(SQL query count) 3 AT 2018.10.01 16:45:24
(PHP ERR) Undefined index: slug G:\server\OSPanel\domains\mag3-master\fw\kernel\Validator.php in line 35 AT 2018.10.01 16:45:24

(Sys) Time of generate page: 0.037002086639404 AT 2018.10.01 16:45:24
(SQL query count) 9 AT 2018.10.01 16:45:24
(PHP ERR) Undefined offset: 0 G:\server\OSPanel\domains\mag3-master\app\models\Tag.php in line 16 AT 2018.10.01 16:45:24

(Sys) Time of generate page: 0.040003061294556 AT 2018.10.01 16:50:16
(SQL query count) 9 AT 2018.10.01 16:50:16
(PHP ERR) Undefined offset: 0 G:\server\OSPanel\domains\mag3-master\app\models\Tag.php in line 16 AT 2018.10.01 16:50:16

(Sys) Time of generate page: 0.043002128601074 AT 2018.10.01 16:50:51
(SQL query count) 9 AT 2018.10.01 16:50:51
(PHP ERR) Undefined offset: 0 G:\server\OSPanel\domains\mag3-master\app\models\Tag.php in line 16 AT 2018.10.01 16:50:51

(Sys) Time of generate page: 0.92705297470093 AT 2018.10.01 16:51:56
(SQL query count) 19 AT 2018.10.01 16:51:56
(PHP ERR) call_user_func() expects parameter 1 to be a valid callback, non-static method MetaController::getSocialLinksMeta() should not be called statically G:\server\OSPanel\domains\mag3-master\fw\kernel\Components.php in line 135 AT 2018.10.01 16:51:56

(Sys) Time of generate page: 0.028002023696899 AT 2018.10.01 16:51:59
(SQL query count) 9 AT 2018.10.01 16:51:59
(PHP ERR) Undefined offset: 0 G:\server\OSPanel\domains\mag3-master\app\models\Tag.php in line 16 AT 2018.10.01 16:51:59

(Sys) Time of generate page: 0.030001878738403 AT 2018.10.01 16:52:25
(SQL query count) 9 AT 2018.10.01 16:52:25
(PHP ERR) Undefined offset: 0 G:\server\OSPanel\domains\mag3-master\app\models\Tag.php in line 16 AT 2018.10.01 16:52:25

(Sys) Time of generate page: 0.017000913619995 AT 2018.10.01 16:52:34
(SQL query count) 3 AT 2018.10.01 16:52:34
(PHP ERR) Undefined index: slug G:\server\OSPanel\domains\mag3-master\fw\kernel\Validator.php in line 35 AT 2018.10.01 16:52:34

(Sys) Time of generate page: 0.027001142501831 AT 2018.10.01 16:52:34
(SQL query count) 9 AT 2018.10.01 16:52:34
(PHP ERR) Undefined offset: 0 G:\server\OSPanel\domains\mag3-master\app\models\Tag.php in line 16 AT 2018.10.01 16:52:34

(Sys) Time of generate page: 0.029001951217651 AT 2018.10.01 16:52:39
(SQL query count) 9 AT 2018.10.01 16:52:39
(PHP ERR) Undefined offset: 0 G:\server\OSPanel\domains\mag3-master\app\models\Tag.php in line 16 AT 2018.10.01 16:52:39

(Sys) Time of generate page: 0.028001070022583 AT 2018.10.01 16:52:41
(SQL query count) 3 AT 2018.10.01 16:52:41
(PHP ERR) Undefined index: slug G:\server\OSPanel\domains\mag3-master\fw\kernel\Validator.php in line 35 AT 2018.10.01 16:52:41

(Sys) Time of generate page: 0.031000852584839 AT 2018.10.01 16:52:41
(SQL query count) 9 AT 2018.10.01 16:52:41
(PHP ERR) Undefined offset: 0 G:\server\OSPanel\domains\mag3-master\app\models\Tag.php in line 16 AT 2018.10.01 16:52:41

(Sys) Time of generate page: 0.028001070022583 AT 2018.10.01 16:54:38
(SQL query count) 9 AT 2018.10.01 16:54:38
(PHP ERR) Undefined offset: 0 G:\server\OSPanel\domains\mag3-master\app\models\Tag.php in line 16 AT 2018.10.01 16:54:38

(Sys) Time of generate page: 0.032001972198486 AT 2018.10.01 16:54:39
(SQL query count) 9 AT 2018.10.01 16:54:39
(PHP ERR) Undefined offset: 0 G:\server\OSPanel\domains\mag3-master\app\models\Tag.php in line 16 AT 2018.10.01 16:54:39

(Sys) Time of generate page: 0.036002159118652 AT 2018.10.01 16:54:41
(SQL query count) 9 AT 2018.10.01 16:54:41
(PHP ERR) Undefined offset: 0 G:\server\OSPanel\domains\mag3-master\app\models\Tag.php in line 16 AT 2018.10.01 16:54:41

(Sys) Time of generate page: 0.037002086639404 AT 2018.10.01 16:55:13
(SQL query count) 9 AT 2018.10.01 16:55:13
(PHP ERR) Undefined offset: 0 G:\server\OSPanel\domains\mag3-master\app\models\Tag.php in line 16 AT 2018.10.01 16:55:13

(Sys) Time of generate page: 0.02800178527832 AT 2018.10.01 16:55:22
(SQL query count) 9 AT 2018.10.01 16:55:22
(PHP ERR) Undefined offset: 0 G:\server\OSPanel\domains\mag3-master\app\models\Tag.php in line 16 AT 2018.10.01 16:55:22

(Sys) Time of generate page: 0.028000831604004 AT 2018.10.01 16:57:05
(SQL query count) 9 AT 2018.10.01 16:57:05
(PHP ERR) Undefined offset: 0 G:\server\OSPanel\domains\mag3-master\app\models\Tag.php in line 16 AT 2018.10.01 16:57:05

(Sys) Time of generate page: 0.027002096176147 AT 2018.10.01 16:57:10
(SQL query count) 9 AT 2018.10.01 16:57:10
(PHP ERR) Undefined offset: 0 G:\server\OSPanel\domains\mag3-master\app\models\Tag.php in line 16 AT 2018.10.01 16:57:10

(Sys) Time of generate page: 0.028002023696899 AT 2018.10.01 16:57:18
(SQL query count) 9 AT 2018.10.01 16:57:18
(PHP ERR) Undefined offset: 0 G:\server\OSPanel\domains\mag3-master\app\models\Tag.php in line 16 AT 2018.10.01 16:57:18

(Sys) Time of generate page: 0.038002014160156 AT 2018.10.01 16:58:45
(SQL query count) 9 AT 2018.10.01 16:58:45
(PHP ERR) Undefined offset: 0 G:\server\OSPanel\domains\mag3-master\app\models\Tag.php in line 16 AT 2018.10.01 16:58:45

(Sys) Time of generate page: 0.017000913619995 AT 2018.10.01 16:58:47
(SQL query count) 3 AT 2018.10.01 16:58:47
(PHP ERR) Undefined index: slug G:\server\OSPanel\domains\mag3-master\fw\kernel\Validator.php in line 35 AT 2018.10.01 16:58:47

(Sys) Time of generate page: 0.029001951217651 AT 2018.10.01 16:58:47
(SQL query count) 9 AT 2018.10.01 16:58:47
(PHP ERR) Undefined offset: 0 G:\server\OSPanel\domains\mag3-master\app\models\Tag.php in line 16 AT 2018.10.01 16:58:47

(Sys) Time of generate page: 0.028002023696899 AT 2018.10.01 16:58:50
(SQL query count) 9 AT 2018.10.01 16:58:50
(PHP ERR) Undefined offset: 0 G:\server\OSPanel\domains\mag3-master\app\models\Tag.php in line 16 AT 2018.10.01 16:58:50

(Sys) Time of generate page: 0.040002107620239 AT 2018.10.01 16:58:54
(SQL query count) 16 AT 2018.10.01 16:58:54
(PHP ERR) call_user_func() expects parameter 1 to be a valid callback, non-static method MetaController::getSocialLinksMeta() should not be called statically G:\server\OSPanel\domains\mag3-master\fw\kernel\Components.php in line 135 AT 2018.10.01 16:58:54

(Sys) Time of generate page: 0.038002014160156 AT 2018.10.01 16:59:16
(SQL query count) 9 AT 2018.10.01 16:59:16
(PHP ERR) Undefined offset: 0 G:\server\OSPanel\domains\mag3-master\app\models\Tag.php in line 16 AT 2018.10.01 16:59:16

(Sys) Time of generate page: 0.016999959945679 AT 2018.10.01 16:59:20
(SQL query count) 3 AT 2018.10.01 16:59:20
(PHP ERR) Undefined index: slug G:\server\OSPanel\domains\mag3-master\fw\kernel\Validator.php in line 35 AT 2018.10.01 16:59:20

(Sys) Time of generate page: 0.039001941680908 AT 2018.10.01 16:59:20
(SQL query count) 9 AT 2018.10.01 16:59:20
(PHP ERR) Undefined offset: 0 G:\server\OSPanel\domains\mag3-master\app\models\Tag.php in line 16 AT 2018.10.01 16:59:20

(Sys) Time of generate page: 0.034002065658569 AT 2018.10.01 16:59:23
(SQL query count) 16 AT 2018.10.01 16:59:23
(PHP ERR) call_user_func() expects parameter 1 to be a valid callback, non-static method MetaController::getSocialLinksMeta() should not be called statically G:\server\OSPanel\domains\mag3-master\fw\kernel\Components.php in line 135 AT 2018.10.01 16:59:23

(Sys) Time of generate page: 0.032001972198486 AT 2018.10.01 16:59:23
(SQL query count) 16 AT 2018.10.01 16:59:23
(PHP ERR) call_user_func() expects parameter 1 to be a valid callback, non-static method MetaController::getSocialLinksMeta() should not be called statically G:\server\OSPanel\domains\mag3-master\fw\kernel\Components.php in line 135 AT 2018.10.01 16:59:23

(Sys) Time of generate page: 0.033002138137817 AT 2018.10.01 16:59:24
(SQL query count) 16 AT 2018.10.01 16:59:24
(PHP ERR) call_user_func() expects parameter 1 to be a valid callback, non-static method MetaController::getSocialLinksMeta() should not be called statically G:\server\OSPanel\domains\mag3-master\fw\kernel\Components.php in line 135 AT 2018.10.01 16:59:24

(Sys) Time of generate page: 0.031000852584839 AT 2018.10.01 16:59:24
(SQL query count) 16 AT 2018.10.01 16:59:24
(PHP ERR) call_user_func() expects parameter 1 to be a valid callback, non-static method MetaController::getSocialLinksMeta() should not be called statically G:\server\OSPanel\domains\mag3-master\fw\kernel\Components.php in line 135 AT 2018.10.01 16:59:24

(Sys) Time of generate page: 0.03200101852417 AT 2018.10.01 16:59:25
(SQL query count) 16 AT 2018.10.01 16:59:25
(PHP ERR) call_user_func() expects parameter 1 to be a valid callback, non-static method MetaController::getSocialLinksMeta() should not be called statically G:\server\OSPanel\domains\mag3-master\fw\kernel\Components.php in line 135 AT 2018.10.01 16:59:25

(Sys) Time of generate page: 0.032001972198486 AT 2018.10.01 16:59:25
(SQL query count) 16 AT 2018.10.01 16:59:25
(PHP ERR) call_user_func() expects parameter 1 to be a valid callback, non-static method MetaController::getSocialLinksMeta() should not be called statically G:\server\OSPanel\domains\mag3-master\fw\kernel\Components.php in line 135 AT 2018.10.01 16:59:25

(Sys) Time of generate page: 0.9610550403595 AT 2018.10.01 16:59:28
(SQL query count) 19 AT 2018.10.01 16:59:28
(PHP ERR) call_user_func() expects parameter 1 to be a valid callback, non-static method MetaController::getSocialLinksMeta() should not be called statically G:\server\OSPanel\domains\mag3-master\fw\kernel\Components.php in line 135 AT 2018.10.01 16:59:28

(Sys) Time of generate page: 0.039003133773804 AT 2018.10.01 20:22:14
(SQL query count) 9 AT 2018.10.01 20:22:14
(PHP ERR) Undefined offset: 0 G:\server\OSPanel\domains\mag3-master\app\models\Tag.php in line 16 AT 2018.10.01 20:22:14

(Sys) Time of generate page: 0.042001962661743 AT 2018.10.01 20:22:17
(SQL query count) 8 AT 2018.10.01 20:22:17
(PHP ERR) Undefined index: meta_value G:\server\OSPanel\domains\mag3-master\fw\kernel\Validator.php in line 35 AT 2018.10.01 20:22:17

(Sys) Time of generate page: 0.022001028060913 AT 2018.10.01 20:22:28
(SQL query count) 3 AT 2018.10.01 20:22:28
(PHP ERR) Undefined index: slug G:\server\OSPanel\domains\mag3-master\fw\kernel\Validator.php in line 35 AT 2018.10.01 20:22:28

(Sys) Time of generate page: 0.029001951217651 AT 2018.10.01 20:22:28
(SQL query count) 9 AT 2018.10.01 20:22:28
(PHP ERR) Undefined offset: 0 G:\server\OSPanel\domains\mag3-master\app\models\Tag.php in line 16 AT 2018.10.01 20:22:28

(Sys) Time of generate page: 0.04000186920166 AT 2018.10.01 20:22:29
(SQL query count) 16 AT 2018.10.01 20:22:29
(PHP ERR) call_user_func() expects parameter 1 to be a valid callback, non-static method MetaController::getSocialLinksMeta() should not be called statically G:\server\OSPanel\domains\mag3-master\fw\kernel\Components.php in line 135 AT 2018.10.01 20:22:29

(Sys) Time of generate page: 0.031002044677734 AT 2018.10.01 20:44:08
(SQL query count) 0 AT 2018.10.01 20:44:08

(Sys) Time of generate page: 0.021002054214478 AT 2018.10.01 20:44:10
(SQL query count) 0 AT 2018.10.01 20:44:10

(CoreTemplate::create()) Template 'app/migrations/Comment_linkMigration.php' was generated AT 2018.10.01 20:45:22
(Sys) Time of generate page: 0.022002220153809 AT 2018.10.01 20:45:22
(SQL query count) 0 AT 2018.10.01 20:45:22

(Sys) Time of generate page: 0.02000093460083 AT 2018.10.01 20:59:29
(SQL query count) 0 AT 2018.10.01 20:59:29

(Maker) Set migration 'Comment_link' AT 2018.10.01 20:59:44
(CoreTemplate::create()) Template 'app/sets/Comment_link.php' was generated AT 2018.10.01 20:59:44
(CoreTemplate::create()) Template 'app/models/Comment_link.php' was generated AT 2018.10.01 20:59:44
(Sys) Time of generate page: 0.15200901031494 AT 2018.10.01 20:59:44
(SQL query count) 1 AT 2018.10.01 20:59:44
(PHP ERR) Undefined index:  G:\server\OSPanel\domains\mag3-master\fw\kernel\DBIO.php in line 236 AT 2018.10.01 20:59:44

(Sys) Time of generate page: 0.021001100540161 AT 2018.10.01 22:42:57
(SQL query count) 0 AT 2018.10.01 22:42:57
(PHP ERR) Undefined index: admin G:\server\OSPanel\domains\mag3-master\fw\kernel\Sess.php in line 14 AT 2018.10.01 22:42:57

(Maker) Unset migration 'Comment' AT 2018.10.01 22:43:03
(Maker) Set migration 'Comment' AT 2018.10.01 22:43:03
(CoreTemplate::create()) Template 'app/sets/Comment.php' was generated AT 2018.10.01 22:43:03
(Sys) Time of generate page: 0.29301714897156 AT 2018.10.01 22:43:03
(SQL query count) 2 AT 2018.10.01 22:43:03
(PHP ERR) Undefined index:  G:\server\OSPanel\domains\mag3-master\fw\kernel\DBIO.php in line 236 AT 2018.10.01 22:43:03